{"/usr/src/app/src/App.js": {"path":"/usr/src/app/src/App.js","statementMap":{"0":{"start":{"line":12,"column":36},"end":{"line":12,"column":45}},"1":{"start":{"line":14,"column":27},"end":{"line":14,"column":67}},"2":{"start":{"line":16,"column":23},"end":{"line":19,"column":3}},"3":{"start":{"line":17,"column":4},"end":{"line":17,"column":37}},"4":{"start":{"line":18,"column":4},"end":{"line":18,"column":23}},"5":{"start":{"line":21,"column":2},"end":{"line":55,"column":4}}},"fnMap":{"0":{"name":"App","decl":{"start":{"line":11,"column":9},"end":{"line":11,"column":12}},"loc":{"start":{"line":11,"column":15},"end":{"line":56,"column":1}},"line":11},"1":{"name":"(anonymous_1)","decl":{"start":{"line":16,"column":23},"end":{"line":16,"column":24}},"loc":{"start":{"line":16,"column":29},"end":{"line":19,"column":3}},"line":16}},"branchMap":{"0":{"loc":{"start":{"line":27,"column":13},"end":{"line":34,"column":13}},"type":"binary-expr","locations":[{"start":{"line":27,"column":13},"end":{"line":27,"column":21}},{"start":{"line":28,"column":14},"end":{"line":33,"column":17}}],"line":27},"1":{"loc":{"start":{"line":37,"column":11},"end":{"line":47,"column":11}},"type":"cond-expr","locations":[{"start":{"line":38,"column":12},"end":{"line":40,"column":25}},{"start":{"line":42,"column":12},"end":{"line":46,"column":19}}],"line":37}},"s":{"0":0,"1":0,"2":0,"3":0,"4":0,"5":0},"f":{"0":0,"1":0},"b":{"0":[0,0],"1":[0,0]}}
,"/usr/src/app/src/index.js": {"path":"/usr/src/app/src/index.js","statementMap":{"0":{"start":{"line":21,"column":15},"end":{"line":97,"column":2}},"1":{"start":{"line":99,"column":13},"end":{"line":99,"column":65}},"2":{"start":{"line":100,"column":0},"end":{"line":106,"column":2}}},"fnMap":{},"branchMap":{},"s":{"0":0,"1":0,"2":0},"f":{},"b":{}}
,"/usr/src/app/src/reportWebVitals.js": {"path":"/usr/src/app/src/reportWebVitals.js","statementMap":{"0":{"start":{"line":1,"column":24},"end":{"line":11,"column":1}},"1":{"start":{"line":2,"column":2},"end":{"line":10,"column":3}},"2":{"start":{"line":3,"column":4},"end":{"line":9,"column":7}},"3":{"start":{"line":4,"column":6},"end":{"line":4,"column":26}},"4":{"start":{"line":5,"column":6},"end":{"line":5,"column":26}},"5":{"start":{"line":6,"column":6},"end":{"line":6,"column":26}},"6":{"start":{"line":7,"column":6},"end":{"line":7,"column":26}},"7":{"start":{"line":8,"column":6},"end":{"line":8,"column":27}}},"fnMap":{"0":{"name":"(anonymous_0)","decl":{"start":{"line":1,"column":24},"end":{"line":1,"column":25}},"loc":{"start":{"line":1,"column":39},"end":{"line":11,"column":1}},"line":1},"1":{"name":"(anonymous_1)","decl":{"start":{"line":3,"column":30},"end":{"line":3,"column":31}},"loc":{"start":{"line":3,"column":79},"end":{"line":9,"column":5}},"line":3}},"branchMap":{"0":{"loc":{"start":{"line":2,"column":2},"end":{"line":10,"column":3}},"type":"if","locations":[{"start":{"line":2,"column":2},"end":{"line":10,"column":3}},{"start":{},"end":{}}],"line":2},"1":{"loc":{"start":{"line":2,"column":6},"end":{"line":2,"column":52}},"type":"binary-expr","locations":[{"start":{"line":2,"column":6},"end":{"line":2,"column":17}},{"start":{"line":2,"column":21},"end":{"line":2,"column":52}}],"line":2}},"s":{"0":0,"1":0,"2":0,"3":0,"4":0,"5":0,"6":0,"7":0},"f":{"0":0,"1":0},"b":{"0":[0,0],"1":[0,0]}}
,"/usr/src/app/src/components/auth/Login.js": {"path":"/usr/src/app/src/components/auth/Login.js","statementMap":{"0":{"start":{"line":12,"column":21},"end":{"line":18,"column":2}},"1":{"start":{"line":20,"column":14},"end":{"line":113,"column":1}},"2":{"start":{"line":21,"column":19},"end":{"line":21,"column":32}},"3":{"start":{"line":22,"column":19},"end":{"line":22,"column":32}},"4":{"start":{"line":23,"column":37},"end":{"line":23,"column":46}},"5":{"start":{"line":33,"column":6},"end":{"line":33,"column":15}},"6":{"start":{"line":36,"column":32},"end":{"line":36,"column":44}},"7":{"start":{"line":37,"column":2},"end":{"line":43,"column":17}},"8":{"start":{"line":38,"column":4},"end":{"line":42,"column":5}},"9":{"start":{"line":39,"column":6},"end":{"line":39,"column":41}},"10":{"start":{"line":40,"column":6},"end":{"line":40,"column":49}},"11":{"start":{"line":41,"column":6},"end":{"line":41,"column":49}},"12":{"start":{"line":45,"column":31},"end":{"line":47,"column":3}},"13":{"start":{"line":46,"column":4},"end":{"line":46,"column":36}},"14":{"start":{"line":49,"column":31},"end":{"line":51,"column":3}},"15":{"start":{"line":50,"column":4},"end":{"line":50,"column":36}},"16":{"start":{"line":53,"column":23},"end":{"line":70,"column":3}},"17":{"start":{"line":54,"column":4},"end":{"line":54,"column":27}},"18":{"start":{"line":55,"column":23},"end":{"line":58,"column":5}},"19":{"start":{"line":60,"column":19},"end":{"line":60,"column":46}},"20":{"start":{"line":61,"column":4},"end":{"line":69,"column":5}},"21":{"start":{"line":62,"column":6},"end":{"line":62,"column":29}},"22":{"start":{"line":64,"column":6},"end":{"line":64,"column":50}},"23":{"start":{"line":65,"column":6},"end":{"line":65,"column":38}},"24":{"start":{"line":66,"column":6},"end":{"line":66,"column":24}},"25":{"start":{"line":67,"column":6},"end":{"line":67,"column":27}},"26":{"start":{"line":68,"column":6},"end":{"line":68,"column":20}},"27":{"start":{"line":72,"column":2},"end":{"line":112,"column":4}}},"fnMap":{"0":{"name":"(anonymous_0)","decl":{"start":{"line":20,"column":14},"end":{"line":20,"column":15}},"loc":{"start":{"line":20,"column":20},"end":{"line":113,"column":1}},"line":20},"1":{"name":"(anonymous_1)","decl":{"start":{"line":37,"column":12},"end":{"line":37,"column":13}},"loc":{"start":{"line":37,"column":18},"end":{"line":43,"column":3}},"line":37},"2":{"name":"(anonymous_2)","decl":{"start":{"line":45,"column":31},"end":{"line":45,"column":32}},"loc":{"start":{"line":45,"column":42},"end":{"line":47,"column":3}},"line":45},"3":{"name":"(anonymous_3)","decl":{"start":{"line":49,"column":31},"end":{"line":49,"column":32}},"loc":{"start":{"line":49,"column":42},"end":{"line":51,"column":3}},"line":49},"4":{"name":"(anonymous_4)","decl":{"start":{"line":53,"column":23},"end":{"line":53,"column":24}},"loc":{"start":{"line":53,"column":40},"end":{"line":70,"column":3}},"line":53}},"branchMap":{"0":{"loc":{"start":{"line":38,"column":4},"end":{"line":42,"column":5}},"type":"if","locations":[{"start":{"line":38,"column":4},"end":{"line":42,"column":5}},{"start":{},"end":{}}],"line":38},"1":{"loc":{"start":{"line":38,"column":8},"end":{"line":38,"column":48}},"type":"binary-expr","locations":[{"start":{"line":38,"column":8},"end":{"line":38,"column":22}},{"start":{"line":38,"column":26},"end":{"line":38,"column":48}}],"line":38},"2":{"loc":{"start":{"line":40,"column":18},"end":{"line":40,"column":47}},"type":"binary-expr","locations":[{"start":{"line":40,"column":18},"end":{"line":40,"column":41}},{"start":{"line":40,"column":45},"end":{"line":40,"column":47}}],"line":40},"3":{"loc":{"start":{"line":41,"column":18},"end":{"line":41,"column":47}},"type":"binary-expr","locations":[{"start":{"line":41,"column":18},"end":{"line":41,"column":41}},{"start":{"line":41,"column":45},"end":{"line":41,"column":47}}],"line":41},"4":{"loc":{"start":{"line":61,"column":4},"end":{"line":69,"column":5}},"type":"if","locations":[{"start":{"line":61,"column":4},"end":{"line":69,"column":5}},{"start":{"line":63,"column":11},"end":{"line":69,"column":5}}],"line":61},"5":{"loc":{"start":{"line":101,"column":9},"end":{"line":101,"column":57}},"type":"binary-expr","locations":[{"start":{"line":101,"column":9},"end":{"line":101,"column":14}},{"start":{"line":101,"column":18},"end":{"line":101,"column":57}}],"line":101},"6":{"loc":{"start":{"line":102,"column":9},"end":{"line":102,"column":63}},"type":"binary-expr","locations":[{"start":{"line":102,"column":9},"end":{"line":102,"column":16}},{"start":{"line":102,"column":20},"end":{"line":102,"column":63}}],"line":102}},"s":{"0":1,"1":1,"2":2,"3":2,"4":2,"5":2,"6":2,"7":2,"8":2,"9":0,"10":0,"11":0,"12":2,"13":0,"14":2,"15":0,"16":2,"17":1,"18":1,"19":1,"20":1,"21":0,"22":1,"23":1,"24":1,"25":1,"26":1,"27":2},"f":{"0":2,"1":2,"2":0,"3":0,"4":1},"b":{"0":[0,2],"1":[2,0],"2":[0,0],"3":[0,0],"4":[0,1],"5":[2,0],"6":[2,0]},"_coverageSchema":"1a1c01bbd47fc00a2c39e90264f33305004495a9","hash":"c3682081f0d8f7416128f88afd7cac67f4e2e28a"}
,"/usr/src/app/src/components/auth/PrivateRoute.js": {"path":"/usr/src/app/src/components/auth/PrivateRoute.js","statementMap":{"0":{"start":{"line":5,"column":21},"end":{"line":20,"column":1}},"1":{"start":{"line":6,"column":23},"end":{"line":6,"column":32}},"2":{"start":{"line":7,"column":19},"end":{"line":7,"column":32}},"3":{"start":{"line":9,"column":2},"end":{"line":13,"column":27}},"4":{"start":{"line":10,"column":4},"end":{"line":12,"column":5}},"5":{"start":{"line":11,"column":6},"end":{"line":11,"column":25}},"6":{"start":{"line":15,"column":2},"end":{"line":17,"column":3}},"7":{"start":{"line":16,"column":4},"end":{"line":16,"column":17}},"8":{"start":{"line":19,"column":2},"end":{"line":19,"column":18}}},"fnMap":{"0":{"name":"(anonymous_0)","decl":{"start":{"line":5,"column":21},"end":{"line":5,"column":22}},"loc":{"start":{"line":5,"column":39},"end":{"line":20,"column":1}},"line":5},"1":{"name":"(anonymous_1)","decl":{"start":{"line":9,"column":12},"end":{"line":9,"column":13}},"loc":{"start":{"line":9,"column":18},"end":{"line":13,"column":3}},"line":9}},"branchMap":{"0":{"loc":{"start":{"line":10,"column":4},"end":{"line":12,"column":5}},"type":"if","locations":[{"start":{"line":10,"column":4},"end":{"line":12,"column":5}},{"start":{},"end":{}}],"line":10},"1":{"loc":{"start":{"line":15,"column":2},"end":{"line":17,"column":3}},"type":"if","locations":[{"start":{"line":15,"column":2},"end":{"line":17,"column":3}},{"start":{},"end":{}}],"line":15}},"s":{"0":0,"1":0,"2":0,"3":0,"4":0,"5":0,"6":0,"7":0,"8":0},"f":{"0":0,"1":0},"b":{"0":[0,0],"1":[0,0]}}
,"/usr/src/app/src/components/auth/Register.js": {"path":"/usr/src/app/src/components/auth/Register.js","statementMap":{"0":{"start":{"line":10,"column":17},"end":{"line":128,"column":1}},"1":{"start":{"line":11,"column":34},"end":{"line":11,"column":46}},"2":{"start":{"line":12,"column":34},"end":{"line":12,"column":46}},"3":{"start":{"line":13,"column":48},"end":{"line":13,"column":60}},"4":{"start":{"line":14,"column":28},"end":{"line":14,"column":42}},"5":{"start":{"line":16,"column":19},"end":{"line":16,"column":32}},"6":{"start":{"line":18,"column":27},"end":{"line":18,"column":36}},"7":{"start":{"line":20,"column":28},"end":{"line":29,"column":3}},"8":{"start":{"line":21,"column":28},"end":{"line":21,"column":40}},"9":{"start":{"line":22,"column":4},"end":{"line":28,"column":5}},"10":{"start":{"line":23,"column":6},"end":{"line":23,"column":25}},"11":{"start":{"line":24,"column":11},"end":{"line":28,"column":5}},"12":{"start":{"line":25,"column":6},"end":{"line":25,"column":25}},"13":{"start":{"line":26,"column":11},"end":{"line":28,"column":5}},"14":{"start":{"line":27,"column":6},"end":{"line":27,"column":32}},"15":{"start":{"line":31,"column":32},"end":{"line":34,"column":3}},"16":{"start":{"line":32,"column":27},"end":{"line":32,"column":67}},"17":{"start":{"line":33,"column":4},"end":{"line":33,"column":41}},"18":{"start":{"line":36,"column":23},"end":{"line":77,"column":3}},"19":{"start":{"line":37,"column":4},"end":{"line":37,"column":27}},"20":{"start":{"line":39,"column":4},"end":{"line":42,"column":5}},"21":{"start":{"line":40,"column":6},"end":{"line":40,"column":42}},"22":{"start":{"line":41,"column":6},"end":{"line":41,"column":13}},"23":{"start":{"line":44,"column":4},"end":{"line":47,"column":5}},"24":{"start":{"line":45,"column":6},"end":{"line":45,"column":41}},"25":{"start":{"line":46,"column":6},"end":{"line":46,"column":13}},"26":{"start":{"line":49,"column":4},"end":{"line":56,"column":5}},"27":{"start":{"line":50,"column":6},"end":{"line":54,"column":8}},"28":{"start":{"line":55,"column":6},"end":{"line":55,"column":13}},"29":{"start":{"line":58,"column":23},"end":{"line":61,"column":5}},"30":{"start":{"line":63,"column":19},"end":{"line":63,"column":49}},"31":{"start":{"line":65,"column":4},"end":{"line":68,"column":5}},"32":{"start":{"line":66,"column":6},"end":{"line":66,"column":54}},"33":{"start":{"line":67,"column":6},"end":{"line":67,"column":13}},"34":{"start":{"line":70,"column":4},"end":{"line":70,"column":43}},"35":{"start":{"line":71,"column":4},"end":{"line":71,"column":20}},"36":{"start":{"line":72,"column":4},"end":{"line":72,"column":20}},"37":{"start":{"line":74,"column":4},"end":{"line":76,"column":7}},"38":{"start":{"line":79,"column":2},"end":{"line":127,"column":4}}},"fnMap":{"0":{"name":"(anonymous_0)","decl":{"start":{"line":10,"column":17},"end":{"line":10,"column":18}},"loc":{"start":{"line":10,"column":23},"end":{"line":128,"column":1}},"line":10},"1":{"name":"(anonymous_1)","decl":{"start":{"line":20,"column":28},"end":{"line":20,"column":29}},"loc":{"start":{"line":20,"column":39},"end":{"line":29,"column":3}},"line":20},"2":{"name":"(anonymous_2)","decl":{"start":{"line":31,"column":32},"end":{"line":31,"column":33}},"loc":{"start":{"line":31,"column":46},"end":{"line":34,"column":3}},"line":31},"3":{"name":"(anonymous_3)","decl":{"start":{"line":36,"column":23},"end":{"line":36,"column":24}},"loc":{"start":{"line":36,"column":40},"end":{"line":77,"column":3}},"line":36}},"branchMap":{"0":{"loc":{"start":{"line":22,"column":4},"end":{"line":28,"column":5}},"type":"if","locations":[{"start":{"line":22,"column":4},"end":{"line":28,"column":5}},{"start":{"line":24,"column":11},"end":{"line":28,"column":5}}],"line":22},"1":{"loc":{"start":{"line":24,"column":11},"end":{"line":28,"column":5}},"type":"if","locations":[{"start":{"line":24,"column":11},"end":{"line":28,"column":5}},{"start":{"line":26,"column":11},"end":{"line":28,"column":5}}],"line":24},"2":{"loc":{"start":{"line":26,"column":11},"end":{"line":28,"column":5}},"type":"if","locations":[{"start":{"line":26,"column":11},"end":{"line":28,"column":5}},{"start":{},"end":{}}],"line":26},"3":{"loc":{"start":{"line":39,"column":4},"end":{"line":42,"column":5}},"type":"if","locations":[{"start":{"line":39,"column":4},"end":{"line":42,"column":5}},{"start":{},"end":{}}],"line":39},"4":{"loc":{"start":{"line":39,"column":8},"end":{"line":39,"column":50}},"type":"binary-expr","locations":[{"start":{"line":39,"column":8},"end":{"line":39,"column":17}},{"start":{"line":39,"column":21},"end":{"line":39,"column":30}},{"start":{"line":39,"column":34},"end":{"line":39,"column":50}}],"line":39},"5":{"loc":{"start":{"line":44,"column":4},"end":{"line":47,"column":5}},"type":"if","locations":[{"start":{"line":44,"column":4},"end":{"line":47,"column":5}},{"start":{},"end":{}}],"line":44},"6":{"loc":{"start":{"line":49,"column":4},"end":{"line":56,"column":5}},"type":"if","locations":[{"start":{"line":49,"column":4},"end":{"line":56,"column":5}},{"start":{},"end":{}}],"line":49},"7":{"loc":{"start":{"line":65,"column":4},"end":{"line":68,"column":5}},"type":"if","locations":[{"start":{"line":65,"column":4},"end":{"line":68,"column":5}},{"start":{},"end":{}}],"line":65},"8":{"loc":{"start":{"line":120,"column":11},"end":{"line":120,"column":59}},"type":"binary-expr","locations":[{"start":{"line":120,"column":11},"end":{"line":120,"column":16}},{"start":{"line":120,"column":20},"end":{"line":120,"column":59}}],"line":120}},"s":{"0":1,"1":13,"2":13,"3":13,"4":13,"5":13,"6":13,"7":13,"8":6,"9":6,"10":2,"11":4,"12":2,"13":2,"14":2,"15":13,"16":1,"17":1,"18":13,"19":3,"20":3,"21":1,"22":1,"23":2,"24":1,"25":1,"26":1,"27":1,"28":1,"29":0,"30":0,"31":0,"32":0,"33":0,"34":0,"35":0,"36":0,"37":0,"38":13},"f":{"0":13,"1":6,"2":1,"3":3},"b":{"0":[2,4],"1":[2,2],"2":[2,0],"3":[1,2],"4":[3,2,2],"5":[1,1],"6":[1,0],"7":[0,0],"8":[13,3]},"_coverageSchema":"1a1c01bbd47fc00a2c39e90264f33305004495a9","hash":"43be3f1e5163daeed401d127f778792a8c54f517"}
,"/usr/src/app/src/components/building/AddBuilding.js": {"path":"/usr/src/app/src/components/building/AddBuilding.js","statementMap":{"0":{"start":{"line":12,"column":20},"end":{"line":109,"column":1}},"1":{"start":{"line":13,"column":97},"end":{"line":13,"column":113}},"2":{"start":{"line":15,"column":19},"end":{"line":15,"column":32}},"3":{"start":{"line":16,"column":2},"end":{"line":20,"column":24}},"4":{"start":{"line":17,"column":4},"end":{"line":19,"column":5}},"5":{"start":{"line":18,"column":6},"end":{"line":18,"column":20}},"6":{"start":{"line":22,"column":2},"end":{"line":108,"column":4}}},"fnMap":{"0":{"name":"(anonymous_0)","decl":{"start":{"line":12,"column":20},"end":{"line":12,"column":21}},"loc":{"start":{"line":12,"column":26},"end":{"line":109,"column":1}},"line":12},"1":{"name":"(anonymous_1)","decl":{"start":{"line":16,"column":12},"end":{"line":16,"column":13}},"loc":{"start":{"line":16,"column":18},"end":{"line":20,"column":3}},"line":16}},"branchMap":{"0":{"loc":{"start":{"line":17,"column":4},"end":{"line":19,"column":5}},"type":"if","locations":[{"start":{"line":17,"column":4},"end":{"line":19,"column":5}},{"start":{},"end":{}}],"line":17},"1":{"loc":{"start":{"line":28,"column":7},"end":{"line":28,"column":55}},"type":"binary-expr","locations":[{"start":{"line":28,"column":7},"end":{"line":28,"column":12}},{"start":{"line":28,"column":16},"end":{"line":28,"column":55}}],"line":28}},"s":{"0":1,"1":2,"2":2,"3":2,"4":2,"5":2,"6":2},"f":{"0":2,"1":2},"b":{"0":[2,0],"1":[2,0]},"_coverageSchema":"1a1c01bbd47fc00a2c39e90264f33305004495a9","hash":"58343ad7f8c8ad6b2c219d527ce432731ecbaaf2"}
,"/usr/src/app/src/components/building/BuildingDetails.js": {"path":"/usr/src/app/src/components/building/BuildingDetails.js","statementMap":{"0":{"start":{"line":10,"column":24},"end":{"line":65,"column":1}},"1":{"start":{"line":11,"column":27},"end":{"line":11,"column":51}},"2":{"start":{"line":13,"column":2},"end":{"line":64,"column":4}},"3":{"start":{"line":57,"column":73},"end":{"line":57,"column":94}}},"fnMap":{"0":{"name":"(anonymous_0)","decl":{"start":{"line":10,"column":24},"end":{"line":10,"column":25}},"loc":{"start":{"line":10,"column":75},"end":{"line":65,"column":1}},"line":10},"1":{"name":"(anonymous_1)","decl":{"start":{"line":57,"column":67},"end":{"line":57,"column":68}},"loc":{"start":{"line":57,"column":73},"end":{"line":57,"column":94}},"line":57}},"branchMap":{"0":{"loc":{"start":{"line":16,"column":9},"end":{"line":27,"column":16}},"type":"binary-expr","locations":[{"start":{"line":16,"column":9},"end":{"line":16,"column":26}},{"start":{"line":17,"column":10},"end":{"line":27,"column":16}}],"line":16},"1":{"loc":{"start":{"line":32,"column":18},"end":{"line":32,"column":51}},"type":"binary-expr","locations":[{"start":{"line":32,"column":18},"end":{"line":32,"column":34}},{"start":{"line":32,"column":38},"end":{"line":32,"column":51}}],"line":32},"2":{"loc":{"start":{"line":34,"column":11},"end":{"line":34,"column":96}},"type":"binary-expr","locations":[{"start":{"line":34,"column":11},"end":{"line":34,"column":27}},{"start":{"line":34,"column":31},"end":{"line":34,"column":96}}],"line":34},"3":{"loc":{"start":{"line":44,"column":13},"end":{"line":44,"column":62}},"type":"binary-expr","locations":[{"start":{"line":44,"column":13},"end":{"line":44,"column":36}},{"start":{"line":44,"column":40},"end":{"line":44,"column":62}}],"line":44},"4":{"loc":{"start":{"line":45,"column":13},"end":{"line":45,"column":77}},"type":"binary-expr","locations":[{"start":{"line":45,"column":13},"end":{"line":45,"column":43}},{"start":{"line":45,"column":47},"end":{"line":45,"column":77}}],"line":45},"5":{"loc":{"start":{"line":46,"column":13},"end":{"line":46,"column":60}},"type":"binary-expr","locations":[{"start":{"line":46,"column":13},"end":{"line":46,"column":35}},{"start":{"line":46,"column":39},"end":{"line":46,"column":60}}],"line":46},"6":{"loc":{"start":{"line":50,"column":9},"end":{"line":61,"column":9}},"type":"binary-expr","locations":[{"start":{"line":50,"column":9},"end":{"line":50,"column":17}},{"start":{"line":51,"column":10},"end":{"line":60,"column":16}}],"line":50}},"s":{"0":1,"1":0,"2":0,"3":0},"f":{"0":0,"1":0},"b":{"0":[0,0],"1":[0,0],"2":[0,0],"3":[0,0],"4":[0,0],"5":[0,0],"6":[0,0]},"_coverageSchema":"1a1c01bbd47fc00a2c39e90264f33305004495a9","hash":"2cbbe373e70deabf09ac761cb58c9dbc399854cd"}
,"/usr/src/app/src/components/building/BuildingRow.js": {"path":"/usr/src/app/src/components/building/BuildingRow.js","statementMap":{"0":{"start":{"line":9,"column":20},"end":{"line":73,"column":1}},"1":{"start":{"line":10,"column":2},"end":{"line":72,"column":3}},"2":{"start":{"line":46,"column":39},"end":{"line":46,"column":66}},"3":{"start":{"line":47,"column":55},"end":{"line":47,"column":90}},"4":{"start":{"line":53,"column":37},"end":{"line":53,"column":109}}},"fnMap":{"0":{"name":"(anonymous_0)","decl":{"start":{"line":9,"column":20},"end":{"line":9,"column":21}},"loc":{"start":{"line":9,"column":135},"end":{"line":73,"column":1}},"line":9},"1":{"name":"(anonymous_1)","decl":{"start":{"line":46,"column":33},"end":{"line":46,"column":34}},"loc":{"start":{"line":46,"column":39},"end":{"line":46,"column":66}},"line":46},"2":{"name":"(anonymous_2)","decl":{"start":{"line":47,"column":43},"end":{"line":47,"column":44}},"loc":{"start":{"line":47,"column":55},"end":{"line":47,"column":90}},"line":47},"3":{"name":"(anonymous_3)","decl":{"start":{"line":53,"column":31},"end":{"line":53,"column":32}},"loc":{"start":{"line":53,"column":37},"end":{"line":53,"column":109}},"line":53}},"branchMap":{"0":{"loc":{"start":{"line":23,"column":12},"end":{"line":25,"column":86}},"type":"cond-expr","locations":[{"start":{"line":24,"column":14},"end":{"line":24,"column":22}},{"start":{"line":25,"column":14},"end":{"line":25,"column":86}}],"line":23},"1":{"loc":{"start":{"line":45,"column":11},"end":{"line":49,"column":11}},"type":"binary-expr","locations":[{"start":{"line":45,"column":11},"end":{"line":45,"column":19}},{"start":{"line":46,"column":12},"end":{"line":48,"column":25}}],"line":45},"2":{"loc":{"start":{"line":47,"column":15},"end":{"line":47,"column":122}},"type":"cond-expr","locations":[{"start":{"line":47,"column":94},"end":{"line":47,"column":105}},{"start":{"line":47,"column":108},"end":{"line":47,"column":122}}],"line":47},"3":{"loc":{"start":{"line":47,"column":15},"end":{"line":47,"column":91}},"type":"binary-expr","locations":[{"start":{"line":47,"column":15},"end":{"line":47,"column":24}},{"start":{"line":47,"column":28},"end":{"line":47,"column":91}}],"line":47},"4":{"loc":{"start":{"line":53,"column":56},"end":{"line":53,"column":108}},"type":"cond-expr","locations":[{"start":{"line":53,"column":90},"end":{"line":53,"column":94}},{"start":{"line":53,"column":97},"end":{"line":53,"column":108}}],"line":53},"5":{"loc":{"start":{"line":54,"column":13},"end":{"line":54,"column":78}},"type":"cond-expr","locations":[{"start":{"line":54,"column":47},"end":{"line":54,"column":60}},{"start":{"line":54,"column":63},"end":{"line":54,"column":78}}],"line":54},"6":{"loc":{"start":{"line":59,"column":7},"end":{"line":70,"column":7}},"type":"binary-expr","locations":[{"start":{"line":59,"column":7},"end":{"line":59,"column":38}},{"start":{"line":60,"column":8},"end":{"line":69,"column":19}}],"line":59}},"s":{"0":1,"1":12,"2":1,"3":0,"4":0},"f":{"0":12,"1":1,"2":0,"3":0},"b":{"0":[5,7],"1":[12,12],"2":[0,12],"3":[12,12],"4":[0,0],"5":[0,12],"6":[12,0]},"_coverageSchema":"1a1c01bbd47fc00a2c39e90264f33305004495a9","hash":"1aee86cef1352d3e5cc0b1761cc02f55ed91a2ec"}
,"/usr/src/app/src/components/building/EditBuilding.js": {"path":"/usr/src/app/src/components/building/EditBuilding.js","statementMap":{"0":{"start":{"line":9,"column":21},"end":{"line":150,"column":1}},"1":{"start":{"line":10,"column":17},"end":{"line":10,"column":28}},"2":{"start":{"line":11,"column":28},"end":{"line":11,"column":42}},"3":{"start":{"line":12,"column":36},"end":{"line":12,"column":60}},"4":{"start":{"line":13,"column":29},"end":{"line":13,"column":48}},"5":{"start":{"line":14,"column":26},"end":{"line":14,"column":38}},"6":{"start":{"line":15,"column":32},"end":{"line":15,"column":44}},"7":{"start":{"line":16,"column":26},"end":{"line":16,"column":38}},"8":{"start":{"line":17,"column":46},"end":{"line":17,"column":61}},"9":{"start":{"line":18,"column":60},"end":{"line":18,"column":75}},"10":{"start":{"line":19,"column":44},"end":{"line":19,"column":59}},"11":{"start":{"line":21,"column":19},"end":{"line":21,"column":32}},"12":{"start":{"line":23,"column":2},"end":{"line":32,"column":17}},"13":{"start":{"line":24,"column":4},"end":{"line":31,"column":5}},"14":{"start":{"line":25,"column":6},"end":{"line":25,"column":29}},"15":{"start":{"line":26,"column":6},"end":{"line":26,"column":35}},"16":{"start":{"line":27,"column":6},"end":{"line":27,"column":29}},"17":{"start":{"line":28,"column":6},"end":{"line":28,"column":49}},"18":{"start":{"line":29,"column":6},"end":{"line":29,"column":63}},"19":{"start":{"line":30,"column":6},"end":{"line":30,"column":47}},"20":{"start":{"line":34,"column":27},"end":{"line":36,"column":3}},"21":{"start":{"line":35,"column":4},"end":{"line":35,"column":32}},"22":{"start":{"line":38,"column":30},"end":{"line":40,"column":3}},"23":{"start":{"line":39,"column":4},"end":{"line":39,"column":35}},"24":{"start":{"line":42,"column":27},"end":{"line":44,"column":3}},"25":{"start":{"line":43,"column":4},"end":{"line":43,"column":32}},"26":{"start":{"line":46,"column":31},"end":{"line":61,"column":3}},"27":{"start":{"line":47,"column":30},"end":{"line":47,"column":42}},"28":{"start":{"line":48,"column":4},"end":{"line":60,"column":5}},"29":{"start":{"line":50,"column":8},"end":{"line":50,"column":35}},"30":{"start":{"line":51,"column":8},"end":{"line":51,"column":14}},"31":{"start":{"line":53,"column":8},"end":{"line":53,"column":42}},"32":{"start":{"line":54,"column":8},"end":{"line":54,"column":14}},"33":{"start":{"line":56,"column":8},"end":{"line":56,"column":34}},"34":{"start":{"line":57,"column":8},"end":{"line":57,"column":14}},"35":{"start":{"line":59,"column":8},"end":{"line":59,"column":14}},"36":{"start":{"line":63,"column":23},"end":{"line":81,"column":3}},"37":{"start":{"line":64,"column":4},"end":{"line":64,"column":27}},"38":{"start":{"line":66,"column":25},"end":{"line":73,"column":5}},"39":{"start":{"line":75,"column":4},"end":{"line":80,"column":5}},"40":{"start":{"line":76,"column":19},"end":{"line":76,"column":57}},"41":{"start":{"line":77,"column":6},"end":{"line":77,"column":20}},"42":{"start":{"line":79,"column":6},"end":{"line":79,"column":33}},"43":{"start":{"line":83,"column":2},"end":{"line":149,"column":4}}},"fnMap":{"0":{"name":"(anonymous_0)","decl":{"start":{"line":9,"column":21},"end":{"line":9,"column":22}},"loc":{"start":{"line":9,"column":27},"end":{"line":150,"column":1}},"line":9},"1":{"name":"(anonymous_1)","decl":{"start":{"line":23,"column":12},"end":{"line":23,"column":13}},"loc":{"start":{"line":23,"column":18},"end":{"line":32,"column":3}},"line":23},"2":{"name":"(anonymous_2)","decl":{"start":{"line":34,"column":27},"end":{"line":34,"column":28}},"loc":{"start":{"line":34,"column":38},"end":{"line":36,"column":3}},"line":34},"3":{"name":"(anonymous_3)","decl":{"start":{"line":38,"column":30},"end":{"line":38,"column":31}},"loc":{"start":{"line":38,"column":41},"end":{"line":40,"column":3}},"line":38},"4":{"name":"(anonymous_4)","decl":{"start":{"line":42,"column":27},"end":{"line":42,"column":28}},"loc":{"start":{"line":42,"column":38},"end":{"line":44,"column":3}},"line":42},"5":{"name":"(anonymous_5)","decl":{"start":{"line":46,"column":31},"end":{"line":46,"column":32}},"loc":{"start":{"line":46,"column":42},"end":{"line":61,"column":3}},"line":46},"6":{"name":"(anonymous_6)","decl":{"start":{"line":63,"column":23},"end":{"line":63,"column":24}},"loc":{"start":{"line":63,"column":40},"end":{"line":81,"column":3}},"line":63}},"branchMap":{"0":{"loc":{"start":{"line":24,"column":4},"end":{"line":31,"column":5}},"type":"if","locations":[{"start":{"line":24,"column":4},"end":{"line":31,"column":5}},{"start":{},"end":{}}],"line":24},"1":{"loc":{"start":{"line":48,"column":4},"end":{"line":60,"column":5}},"type":"switch","locations":[{"start":{"line":49,"column":6},"end":{"line":51,"column":14}},{"start":{"line":52,"column":6},"end":{"line":54,"column":14}},{"start":{"line":55,"column":6},"end":{"line":57,"column":14}},{"start":{"line":58,"column":6},"end":{"line":59,"column":14}}],"line":48},"2":{"loc":{"start":{"line":87,"column":7},"end":{"line":87,"column":65}},"type":"binary-expr","locations":[{"start":{"line":87,"column":7},"end":{"line":87,"column":12}},{"start":{"line":87,"column":16},"end":{"line":87,"column":65}}],"line":87}},"s":{"0":1,"1":10,"2":10,"3":10,"4":10,"5":10,"6":10,"7":10,"8":10,"9":10,"10":10,"11":10,"12":10,"13":2,"14":2,"15":2,"16":2,"17":2,"18":2,"19":2,"20":10,"21":1,"22":10,"23":1,"24":10,"25":1,"26":10,"27":3,"28":3,"29":1,"30":1,"31":1,"32":1,"33":1,"34":1,"35":0,"36":10,"37":1,"38":1,"39":1,"40":1,"41":1,"42":0,"43":10},"f":{"0":10,"1":2,"2":1,"3":1,"4":1,"5":3,"6":1},"b":{"0":[2,0],"1":[1,1,1,0],"2":[10,0]},"_coverageSchema":"1a1c01bbd47fc00a2c39e90264f33305004495a9","hash":"336585cc28483f18b8be1c5ee4a8245201e23b4e"}
,"/usr/src/app/src/components/common/ErrorPage.js": {"path":"/usr/src/app/src/components/common/ErrorPage.js","statementMap":{"0":{"start":{"line":4,"column":16},"end":{"line":4,"column":31}},"1":{"start":{"line":6,"column":2},"end":{"line":18,"column":4}}},"fnMap":{"0":{"name":"ErrorPage","decl":{"start":{"line":3,"column":24},"end":{"line":3,"column":33}},"loc":{"start":{"line":3,"column":36},"end":{"line":19,"column":1}},"line":3}},"branchMap":{"0":{"loc":{"start":{"line":13,"column":17},"end":{"line":13,"column":50}},"type":"binary-expr","locations":[{"start":{"line":13,"column":17},"end":{"line":13,"column":33}},{"start":{"line":13,"column":37},"end":{"line":13,"column":50}}],"line":13}},"s":{"0":0,"1":0},"f":{"0":0},"b":{"0":[0,0]}}
,"/usr/src/app/src/components/common/Home.js": {"path":"/usr/src/app/src/components/common/Home.js","statementMap":{"0":{"start":{"line":14,"column":13},"end":{"line":106,"column":1}},"1":{"start":{"line":15,"column":31},"end":{"line":15,"column":40}},"2":{"start":{"line":16,"column":27},"end":{"line":16,"column":67}},"3":{"start":{"line":18,"column":48},"end":{"line":18,"column":62}},"4":{"start":{"line":19,"column":30},"end":{"line":19,"column":42}},"5":{"start":{"line":20,"column":40},"end":{"line":20,"column":55}},"6":{"start":{"line":21,"column":36},"end":{"line":21,"column":48}},"7":{"start":{"line":23,"column":39},"end":{"line":23,"column":72}},"8":{"start":{"line":24,"column":29},"end":{"line":24,"column":48}},"9":{"start":{"line":25,"column":22},"end":{"line":25,"column":70}},"10":{"start":{"line":26,"column":40},"end":{"line":26,"column":77}},"11":{"start":{"line":28,"column":2},"end":{"line":30,"column":37}},"12":{"start":{"line":29,"column":4},"end":{"line":29,"column":47}},"13":{"start":{"line":32,"column":31},"end":{"line":37,"column":3}},"14":{"start":{"line":33,"column":22},"end":{"line":33,"column":46}},"15":{"start":{"line":34,"column":4},"end":{"line":36,"column":5}},"16":{"start":{"line":35,"column":6},"end":{"line":35,"column":78}},"17":{"start":{"line":35,"column":50},"end":{"line":35,"column":75}},"18":{"start":{"line":39,"column":28},"end":{"line":47,"column":8}},"19":{"start":{"line":42,"column":8},"end":{"line":42,"column":66}},"20":{"start":{"line":45,"column":8},"end":{"line":45,"column":67}},"21":{"start":{"line":50,"column":2},"end":{"line":105,"column":4}},"22":{"start":{"line":56,"column":25},"end":{"line":56,"column":50}},"23":{"start":{"line":68,"column":27},"end":{"line":68,"column":59}},"24":{"start":{"line":85,"column":14},"end":{"line":95,"column":16}},"25":{"start":{"line":94,"column":32},"end":{"line":94,"column":65}}},"fnMap":{"0":{"name":"(anonymous_0)","decl":{"start":{"line":14,"column":13},"end":{"line":14,"column":14}},"loc":{"start":{"line":14,"column":19},"end":{"line":106,"column":1}},"line":14},"1":{"name":"(anonymous_1)","decl":{"start":{"line":28,"column":12},"end":{"line":28,"column":13}},"loc":{"start":{"line":28,"column":18},"end":{"line":30,"column":3}},"line":28},"2":{"name":"(anonymous_2)","decl":{"start":{"line":32,"column":31},"end":{"line":32,"column":32}},"loc":{"start":{"line":32,"column":45},"end":{"line":37,"column":3}},"line":32},"3":{"name":"(anonymous_3)","decl":{"start":{"line":35,"column":36},"end":{"line":35,"column":37}},"loc":{"start":{"line":35,"column":50},"end":{"line":35,"column":75}},"line":35},"4":{"name":"(anonymous_4)","decl":{"start":{"line":41,"column":14},"end":{"line":41,"column":15}},"loc":{"start":{"line":42,"column":8},"end":{"line":42,"column":66}},"line":42},"5":{"name":"(anonymous_5)","decl":{"start":{"line":44,"column":14},"end":{"line":44,"column":15}},"loc":{"start":{"line":45,"column":8},"end":{"line":45,"column":67}},"line":45},"6":{"name":"(anonymous_6)","decl":{"start":{"line":56,"column":18},"end":{"line":56,"column":19}},"loc":{"start":{"line":56,"column":25},"end":{"line":56,"column":50}},"line":56},"7":{"name":"(anonymous_7)","decl":{"start":{"line":68,"column":20},"end":{"line":68,"column":21}},"loc":{"start":{"line":68,"column":27},"end":{"line":68,"column":59}},"line":68},"8":{"name":"(anonymous_8)","decl":{"start":{"line":84,"column":34},"end":{"line":84,"column":35}},"loc":{"start":{"line":85,"column":14},"end":{"line":95,"column":16}},"line":85},"9":{"name":"(anonymous_9)","decl":{"start":{"line":94,"column":26},"end":{"line":94,"column":27}},"loc":{"start":{"line":94,"column":32},"end":{"line":94,"column":65}},"line":94}},"branchMap":{"0":{"loc":{"start":{"line":34,"column":4},"end":{"line":36,"column":5}},"type":"if","locations":[{"start":{"line":34,"column":4},"end":{"line":36,"column":5}},{"start":{},"end":{}}],"line":34},"1":{"loc":{"start":{"line":39,"column":28},"end":{"line":47,"column":8}},"type":"cond-expr","locations":[{"start":{"line":40,"column":6},"end":{"line":46,"column":7}},{"start":{"line":47,"column":6},"end":{"line":47,"column":8}}],"line":39},"2":{"loc":{"start":{"line":45,"column":8},"end":{"line":45,"column":67}},"type":"binary-expr","locations":[{"start":{"line":45,"column":8},"end":{"line":45,"column":20}},{"start":{"line":45,"column":24},"end":{"line":45,"column":67}}],"line":45},"3":{"loc":{"start":{"line":83,"column":11},"end":{"line":101,"column":11}},"type":"cond-expr","locations":[{"start":{"line":84,"column":12},"end":{"line":96,"column":14}},{"start":{"line":98,"column":12},"end":{"line":100,"column":17}}],"line":83},"4":{"loc":{"start":{"line":83,"column":11},"end":{"line":83,"column":60}},"type":"binary-expr","locations":[{"start":{"line":83,"column":11},"end":{"line":83,"column":28}},{"start":{"line":83,"column":32},"end":{"line":83,"column":60}}],"line":83}},"s":{"0":1,"1":12,"2":12,"3":12,"4":12,"5":12,"6":12,"7":12,"8":12,"9":12,"10":12,"11":12,"12":5,"13":12,"14":0,"15":0,"16":0,"17":0,"18":12,"19":14,"20":13,"21":12,"22":1,"23":1,"24":12,"25":0},"f":{"0":12,"1":5,"2":0,"3":0,"4":14,"5":13,"6":1,"7":1,"8":12,"9":0},"b":{"0":[0,0],"1":[12,0],"2":[13,2],"3":[7,5],"4":[12,12]},"_coverageSchema":"1a1c01bbd47fc00a2c39e90264f33305004495a9","hash":"c405d44113f49bd3999346352a84aa4130bb6eb4"}
,"/usr/src/app/src/components/favorite/MyFavoriteBuildings.js": {"path":"/usr/src/app/src/components/favorite/MyFavoriteBuildings.js","statementMap":{"0":{"start":{"line":13,"column":28},"end":{"line":51,"column":1}},"1":{"start":{"line":14,"column":31},"end":{"line":14,"column":40}},"2":{"start":{"line":15,"column":40},"end":{"line":15,"column":77}},"3":{"start":{"line":17,"column":2},"end":{"line":50,"column":4}},"4":{"start":{"line":26,"column":12},"end":{"line":41,"column":23}},"5":{"start":{"line":37,"column":65},"end":{"line":37,"column":100}}},"fnMap":{"0":{"name":"(anonymous_0)","decl":{"start":{"line":13,"column":28},"end":{"line":13,"column":29}},"loc":{"start":{"line":13,"column":34},"end":{"line":51,"column":1}},"line":13},"1":{"name":"(anonymous_1)","decl":{"start":{"line":25,"column":24},"end":{"line":25,"column":25}},"loc":{"start":{"line":26,"column":12},"end":{"line":41,"column":23}},"line":26},"2":{"name":"(anonymous_2)","decl":{"start":{"line":37,"column":59},"end":{"line":37,"column":60}},"loc":{"start":{"line":37,"column":65},"end":{"line":37,"column":100}},"line":37}},"branchMap":{"0":{"loc":{"start":{"line":24,"column":9},"end":{"line":47,"column":9}},"type":"cond-expr","locations":[{"start":{"line":25,"column":10},"end":{"line":42,"column":12}},{"start":{"line":44,"column":10},"end":{"line":46,"column":23}}],"line":24},"1":{"loc":{"start":{"line":24,"column":9},"end":{"line":24,"column":42}},"type":"binary-expr","locations":[{"start":{"line":24,"column":9},"end":{"line":24,"column":18}},{"start":{"line":24,"column":22},"end":{"line":24,"column":42}}],"line":24}},"s":{"0":1,"1":3,"2":3,"3":3,"4":4,"5":2},"f":{"0":3,"1":4,"2":2},"b":{"0":[2,1],"1":[3,3]},"_coverageSchema":"1a1c01bbd47fc00a2c39e90264f33305004495a9","hash":"c130fcf076f953c4698e7a7b6edbd09290fd8ab3"}
,"/usr/src/app/src/components/form/Checkbox.js": {"path":"/usr/src/app/src/components/form/Checkbox.js","statementMap":{"0":{"start":{"line":1,"column":17},"end":{"line":19,"column":1}},"1":{"start":{"line":2,"column":2},"end":{"line":18,"column":4}}},"fnMap":{"0":{"name":"(anonymous_0)","decl":{"start":{"line":1,"column":17},"end":{"line":1,"column":18}},"loc":{"start":{"line":1,"column":28},"end":{"line":19,"column":1}},"line":1}},"branchMap":{},"s":{"0":1,"1":30},"f":{"0":30},"b":{},"_coverageSchema":"1a1c01bbd47fc00a2c39e90264f33305004495a9","hash":"15b47afe62b6fbcf8a1169fc9927ed4f525d4c77"}
,"/usr/src/app/src/components/form/Input.js": {"path":"/usr/src/app/src/components/form/Input.js","statementMap":{"0":{"start":{"line":3,"column":14},"end":{"line":21,"column":2}},"1":{"start":{"line":4,"column":2},"end":{"line":20,"column":4}}},"fnMap":{"0":{"name":"(anonymous_0)","decl":{"start":{"line":3,"column":25},"end":{"line":3,"column":26}},"loc":{"start":{"line":3,"column":41},"end":{"line":21,"column":1}},"line":3}},"branchMap":{},"s":{"0":1,"1":30},"f":{"0":30},"b":{},"_coverageSchema":"1a1c01bbd47fc00a2c39e90264f33305004495a9","hash":"5afe74a7816ecf5466e50c2981389ccc1ee7afaf"}
,"/usr/src/app/src/components/form/Select.js": {"path":"/usr/src/app/src/components/form/Select.js","statementMap":{"0":{"start":{"line":1,"column":15},"end":{"line":26,"column":1}},"1":{"start":{"line":2,"column":2},"end":{"line":25,"column":4}},"2":{"start":{"line":17,"column":10},"end":{"line":21,"column":12}}},"fnMap":{"0":{"name":"(anonymous_0)","decl":{"start":{"line":1,"column":15},"end":{"line":1,"column":16}},"loc":{"start":{"line":1,"column":26},"end":{"line":26,"column":1}},"line":1},"1":{"name":"(anonymous_1)","decl":{"start":{"line":16,"column":27},"end":{"line":16,"column":28}},"loc":{"start":{"line":16,"column":39},"end":{"line":22,"column":9}},"line":16}},"branchMap":{},"s":{"0":0,"1":0,"2":0},"f":{"0":0,"1":0},"b":{}}
,"/usr/src/app/src/components/form/StarRating.js": {"path":"/usr/src/app/src/components/form/StarRating.js","statementMap":{"0":{"start":{"line":3,"column":19},"end":{"line":18,"column":1}},"1":{"start":{"line":4,"column":16},"end":{"line":4,"column":66}},"2":{"start":{"line":4,"column":56},"end":{"line":4,"column":65}},"3":{"start":{"line":6,"column":2},"end":{"line":17,"column":4}},"4":{"start":{"line":9,"column":8},"end":{"line":14,"column":10}},"5":{"start":{"line":12,"column":25},"end":{"line":12,"column":39}}},"fnMap":{"0":{"name":"(anonymous_0)","decl":{"start":{"line":3,"column":19},"end":{"line":3,"column":20}},"loc":{"start":{"line":3,"column":44},"end":{"line":18,"column":1}},"line":3},"1":{"name":"(anonymous_1)","decl":{"start":{"line":4,"column":42},"end":{"line":4,"column":43}},"loc":{"start":{"line":4,"column":56},"end":{"line":4,"column":65}},"line":4},"2":{"name":"(anonymous_2)","decl":{"start":{"line":8,"column":17},"end":{"line":8,"column":18}},"loc":{"start":{"line":9,"column":8},"end":{"line":14,"column":10}},"line":9},"3":{"name":"(anonymous_3)","decl":{"start":{"line":12,"column":19},"end":{"line":12,"column":20}},"loc":{"start":{"line":12,"column":25},"end":{"line":12,"column":39}},"line":12}},"branchMap":{"0":{"loc":{"start":{"line":11,"column":17},"end":{"line":11,"column":50}},"type":"cond-expr","locations":[{"start":{"line":11,"column":33},"end":{"line":11,"column":41}},{"start":{"line":11,"column":44},"end":{"line":11,"column":50}}],"line":11}},"s":{"0":1,"1":7,"2":35,"3":7,"4":35,"5":1},"f":{"0":7,"1":35,"2":35,"3":1},"b":{"0":[8,27]},"_coverageSchema":"1a1c01bbd47fc00a2c39e90264f33305004495a9","hash":"cda4fa647373ae04616f33817047f6fd7e4154c7"}
,"/usr/src/app/src/components/form/TimeSelect.js": {"path":"/usr/src/app/src/components/form/TimeSelect.js","statementMap":{"0":{"start":{"line":1,"column":19},"end":{"line":25,"column":1}},"1":{"start":{"line":2,"column":4},"end":{"line":24,"column":5}},"2":{"start":{"line":16,"column":20},"end":{"line":20,"column":21}}},"fnMap":{"0":{"name":"(anonymous_0)","decl":{"start":{"line":1,"column":19},"end":{"line":1,"column":20}},"loc":{"start":{"line":1,"column":30},"end":{"line":25,"column":1}},"line":1},"1":{"name":"(anonymous_1)","decl":{"start":{"line":15,"column":31},"end":{"line":15,"column":32}},"loc":{"start":{"line":15,"column":48},"end":{"line":21,"column":17}},"line":15}},"branchMap":{},"s":{"0":0,"1":0,"2":0},"f":{"0":0,"1":0},"b":{}}
,"/usr/src/app/src/components/hours/AddHours.js": {"path":"/usr/src/app/src/components/hours/AddHours.js","statementMap":{"0":{"start":{"line":16,"column":17},"end":{"line":237,"column":1}},"1":{"start":{"line":17,"column":28},"end":{"line":17,"column":42}},"2":{"start":{"line":18,"column":20},"end":{"line":18,"column":39}},"3":{"start":{"line":20,"column":28},"end":{"line":28,"column":4}},"4":{"start":{"line":31,"column":31},"end":{"line":34,"column":3}},"5":{"start":{"line":32,"column":28},"end":{"line":32,"column":40}},"6":{"start":{"line":33,"column":4},"end":{"line":33,"column":50}},"7":{"start":{"line":36,"column":28},"end":{"line":53,"column":3}},"8":{"start":{"line":37,"column":37},"end":{"line":37,"column":49}},"9":{"start":{"line":38,"column":4},"end":{"line":52,"column":5}},"10":{"start":{"line":39,"column":6},"end":{"line":49,"column":7}},"11":{"start":{"line":40,"column":8},"end":{"line":43,"column":11}},"12":{"start":{"line":45,"column":8},"end":{"line":48,"column":11}},"13":{"start":{"line":47,"column":53},"end":{"line":47,"column":66}},"14":{"start":{"line":51,"column":6},"end":{"line":51,"column":44}},"15":{"start":{"line":55,"column":28},"end":{"line":108,"column":3}},"16":{"start":{"line":56,"column":4},"end":{"line":56,"column":27}},"17":{"start":{"line":59,"column":4},"end":{"line":64,"column":5}},"18":{"start":{"line":60,"column":6},"end":{"line":63,"column":7}},"19":{"start":{"line":61,"column":8},"end":{"line":61,"column":68}},"20":{"start":{"line":62,"column":8},"end":{"line":62,"column":15}},"21":{"start":{"line":67,"column":4},"end":{"line":70,"column":5}},"22":{"start":{"line":68,"column":6},"end":{"line":68,"column":68}},"23":{"start":{"line":69,"column":6},"end":{"line":69,"column":13}},"24":{"start":{"line":71,"column":4},"end":{"line":74,"column":5}},"25":{"start":{"line":72,"column":6},"end":{"line":72,"column":74}},"26":{"start":{"line":73,"column":6},"end":{"line":73,"column":13}},"27":{"start":{"line":76,"column":4},"end":{"line":107,"column":5}},"28":{"start":{"line":77,"column":24},"end":{"line":86,"column":8}},"29":{"start":{"line":78,"column":26},"end":{"line":78,"column":72}},"30":{"start":{"line":78,"column":49},"end":{"line":78,"column":71}},"31":{"start":{"line":79,"column":22},"end":{"line":79,"column":53}},"32":{"start":{"line":81,"column":8},"end":{"line":85,"column":10}},"33":{"start":{"line":88,"column":28},"end":{"line":88,"column":92}},"34":{"start":{"line":88,"column":58},"end":{"line":88,"column":91}},"35":{"start":{"line":91,"column":6},"end":{"line":91,"column":39}},"36":{"start":{"line":93,"column":6},"end":{"line":93,"column":46}},"37":{"start":{"line":94,"column":6},"end":{"line":102,"column":9}},"38":{"start":{"line":103,"column":6},"end":{"line":103,"column":21}},"39":{"start":{"line":105,"column":6},"end":{"line":105,"column":30}},"40":{"start":{"line":106,"column":6},"end":{"line":106,"column":27}},"41":{"start":{"line":111,"column":2},"end":{"line":236,"column":5}},"42":{"start":{"line":130,"column":14},"end":{"line":130,"column":82}},"43":{"start":{"line":135,"column":12},"end":{"line":148,"column":14}}},"fnMap":{"0":{"name":"(anonymous_0)","decl":{"start":{"line":16,"column":17},"end":{"line":16,"column":18}},"loc":{"start":{"line":16,"column":23},"end":{"line":237,"column":1}},"line":16},"1":{"name":"(anonymous_1)","decl":{"start":{"line":31,"column":31},"end":{"line":31,"column":32}},"loc":{"start":{"line":31,"column":42},"end":{"line":34,"column":3}},"line":31},"2":{"name":"(anonymous_2)","decl":{"start":{"line":36,"column":28},"end":{"line":36,"column":29}},"loc":{"start":{"line":36,"column":39},"end":{"line":53,"column":3}},"line":36},"3":{"name":"(anonymous_3)","decl":{"start":{"line":47,"column":44},"end":{"line":47,"column":45}},"loc":{"start":{"line":47,"column":53},"end":{"line":47,"column":66}},"line":47},"4":{"name":"(anonymous_4)","decl":{"start":{"line":55,"column":28},"end":{"line":55,"column":29}},"loc":{"start":{"line":55,"column":45},"end":{"line":108,"column":3}},"line":55},"5":{"name":"(anonymous_5)","decl":{"start":{"line":77,"column":44},"end":{"line":77,"column":45}},"loc":{"start":{"line":77,"column":58},"end":{"line":86,"column":7}},"line":77},"6":{"name":"(anonymous_6)","decl":{"start":{"line":78,"column":42},"end":{"line":78,"column":43}},"loc":{"start":{"line":78,"column":49},"end":{"line":78,"column":71}},"line":78},"7":{"name":"(anonymous_7)","decl":{"start":{"line":88,"column":42},"end":{"line":88,"column":43}},"loc":{"start":{"line":88,"column":58},"end":{"line":88,"column":91}},"line":88},"8":{"name":"(anonymous_8)","decl":{"start":{"line":129,"column":27},"end":{"line":129,"column":28}},"loc":{"start":{"line":130,"column":14},"end":{"line":130,"column":82}},"line":130},"9":{"name":"(anonymous_9)","decl":{"start":{"line":134,"column":26},"end":{"line":134,"column":27}},"loc":{"start":{"line":135,"column":12},"end":{"line":148,"column":14}},"line":135}},"branchMap":{"0":{"loc":{"start":{"line":38,"column":4},"end":{"line":52,"column":5}},"type":"if","locations":[{"start":{"line":38,"column":4},"end":{"line":52,"column":5}},{"start":{"line":50,"column":11},"end":{"line":52,"column":5}}],"line":38},"1":{"loc":{"start":{"line":39,"column":6},"end":{"line":49,"column":7}},"type":"if","locations":[{"start":{"line":39,"column":6},"end":{"line":49,"column":7}},{"start":{"line":44,"column":13},"end":{"line":49,"column":7}}],"line":39},"2":{"loc":{"start":{"line":60,"column":6},"end":{"line":63,"column":7}},"type":"if","locations":[{"start":{"line":60,"column":6},"end":{"line":63,"column":7}},{"start":{},"end":{}}],"line":60},"3":{"loc":{"start":{"line":60,"column":10},"end":{"line":60,"column":85}},"type":"binary-expr","locations":[{"start":{"line":60,"column":10},"end":{"line":60,"column":27}},{"start":{"line":60,"column":32},"end":{"line":60,"column":57}},{"start":{"line":60,"column":61},"end":{"line":60,"column":84}}],"line":60},"4":{"loc":{"start":{"line":67,"column":4},"end":{"line":70,"column":5}},"type":"if","locations":[{"start":{"line":67,"column":4},"end":{"line":70,"column":5}},{"start":{},"end":{}}],"line":67},"5":{"loc":{"start":{"line":71,"column":4},"end":{"line":74,"column":5}},"type":"if","locations":[{"start":{"line":71,"column":4},"end":{"line":74,"column":5}},{"start":{},"end":{}}],"line":71},"6":{"loc":{"start":{"line":79,"column":22},"end":{"line":79,"column":53}},"type":"cond-expr","locations":[{"start":{"line":79,"column":34},"end":{"line":79,"column":46}},{"start":{"line":79,"column":49},"end":{"line":79,"column":53}}],"line":79},"7":{"loc":{"start":{"line":117,"column":7},"end":{"line":234,"column":7}},"type":"cond-expr","locations":[{"start":{"line":118,"column":8},"end":{"line":229,"column":15}},{"start":{"line":231,"column":8},"end":{"line":233,"column":21}}],"line":117},"8":{"loc":{"start":{"line":117,"column":7},"end":{"line":117,"column":40}},"type":"binary-expr","locations":[{"start":{"line":117,"column":7},"end":{"line":117,"column":16}},{"start":{"line":117,"column":20},"end":{"line":117,"column":40}}],"line":117},"9":{"loc":{"start":{"line":225,"column":11},"end":{"line":225,"column":59}},"type":"binary-expr","locations":[{"start":{"line":225,"column":11},"end":{"line":225,"column":16}},{"start":{"line":225,"column":20},"end":{"line":225,"column":59}}],"line":225}},"s":{"0":0,"1":0,"2":0,"3":0,"4":0,"5":0,"6":0,"7":0,"8":0,"9":0,"10":0,"11":0,"12":0,"13":0,"14":0,"15":0,"16":0,"17":0,"18":0,"19":0,"20":0,"21":0,"22":0,"23":0,"24":0,"25":0,"26":0,"27":0,"28":0,"29":0,"30":0,"31":0,"32":0,"33":0,"34":0,"35":0,"36":0,"37":0,"38":0,"39":0,"40":0,"41":0,"42":0,"43":0},"f":{"0":0,"1":0,"2":0,"3":0,"4":0,"5":0,"6":0,"7":0,"8":0,"9":0},"b":{"0":[0,0],"1":[0,0],"2":[0,0],"3":[0,0,0],"4":[0,0],"5":[0,0],"6":[0,0],"7":[0,0],"8":[0,0],"9":[0,0]}}
,"/usr/src/app/src/components/hours/Hours.js": {"path":"/usr/src/app/src/components/hours/Hours.js","statementMap":{"0":{"start":{"line":18,"column":14},"end":{"line":87,"column":1}},"1":{"start":{"line":19,"column":17},"end":{"line":19,"column":28}},"2":{"start":{"line":20,"column":23},"end":{"line":20,"column":47}},"3":{"start":{"line":21,"column":43},"end":{"line":21,"column":60}},"4":{"start":{"line":22,"column":45},"end":{"line":22,"column":60}},"5":{"start":{"line":23,"column":23},"end":{"line":23,"column":32}},"6":{"start":{"line":25,"column":28},"end":{"line":25,"column":40}},"7":{"start":{"line":27,"column":2},"end":{"line":29,"column":23}},"8":{"start":{"line":28,"column":4},"end":{"line":28,"column":29}},"9":{"start":{"line":31,"column":2},"end":{"line":86,"column":4}},"10":{"start":{"line":51,"column":34},"end":{"line":51,"column":58}},"11":{"start":{"line":52,"column":32},"end":{"line":52,"column":54}},"12":{"start":{"line":55,"column":33},"end":{"line":55,"column":75}},"13":{"start":{"line":56,"column":34},"end":{"line":56,"column":77}},"14":{"start":{"line":59,"column":36},"end":{"line":59,"column":126}},"15":{"start":{"line":60,"column":37},"end":{"line":60,"column":128}},"16":{"start":{"line":62,"column":16},"end":{"line":75,"column":18}},"17":{"start":{"line":65,"column":55},"end":{"line":65,"column":80}},"18":{"start":{"line":69,"column":81},"end":{"line":69,"column":117}}},"fnMap":{"0":{"name":"(anonymous_0)","decl":{"start":{"line":18,"column":14},"end":{"line":18,"column":15}},"loc":{"start":{"line":18,"column":20},"end":{"line":87,"column":1}},"line":18},"1":{"name":"(anonymous_1)","decl":{"start":{"line":27,"column":12},"end":{"line":27,"column":13}},"loc":{"start":{"line":27,"column":18},"end":{"line":29,"column":3}},"line":27},"2":{"name":"(anonymous_2)","decl":{"start":{"line":49,"column":25},"end":{"line":49,"column":26}},"loc":{"start":{"line":49,"column":35},"end":{"line":76,"column":15}},"line":49},"3":{"name":"(anonymous_3)","decl":{"start":{"line":65,"column":48},"end":{"line":65,"column":49}},"loc":{"start":{"line":65,"column":55},"end":{"line":65,"column":80}},"line":65},"4":{"name":"(anonymous_4)","decl":{"start":{"line":69,"column":75},"end":{"line":69,"column":76}},"loc":{"start":{"line":69,"column":81},"end":{"line":69,"column":117}},"line":69}},"branchMap":{"0":{"loc":{"start":{"line":37,"column":7},"end":{"line":84,"column":7}},"type":"cond-expr","locations":[{"start":{"line":38,"column":8},"end":{"line":79,"column":25}},{"start":{"line":81,"column":8},"end":{"line":83,"column":21}}],"line":37},"1":{"loc":{"start":{"line":37,"column":7},"end":{"line":37,"column":32}},"type":"binary-expr","locations":[{"start":{"line":37,"column":7},"end":{"line":37,"column":12}},{"start":{"line":37,"column":16},"end":{"line":37,"column":32}}],"line":37},"2":{"loc":{"start":{"line":45,"column":17},"end":{"line":45,"column":52}},"type":"binary-expr","locations":[{"start":{"line":45,"column":17},"end":{"line":45,"column":25}},{"start":{"line":45,"column":29},"end":{"line":45,"column":52}}],"line":45},"3":{"loc":{"start":{"line":67,"column":21},"end":{"line":73,"column":21}},"type":"binary-expr","locations":[{"start":{"line":67,"column":21},"end":{"line":67,"column":29}},{"start":{"line":68,"column":22},"end":{"line":72,"column":34}}],"line":67}},"s":{"0":1,"1":8,"2":8,"3":8,"4":8,"5":8,"6":8,"7":8,"8":4,"9":8,"10":6,"11":6,"12":6,"13":6,"14":6,"15":6,"16":6,"17":9,"18":1},"f":{"0":8,"1":4,"2":6,"3":9,"4":1},"b":{"0":[3,5],"1":[8,8],"2":[3,3],"3":[6,6]},"_coverageSchema":"1a1c01bbd47fc00a2c39e90264f33305004495a9","hash":"d93a162e84e9574a2c7900c25ed2169ee4794e47"}
,"/usr/src/app/src/components/review/AddReview.js": {"path":"/usr/src/app/src/components/review/AddReview.js","statementMap":{"0":{"start":{"line":13,"column":18},"end":{"line":73,"column":1}},"1":{"start":{"line":14,"column":17},"end":{"line":14,"column":28}},"2":{"start":{"line":15,"column":23},"end":{"line":15,"column":47}},"3":{"start":{"line":16,"column":30},"end":{"line":16,"column":41}},"4":{"start":{"line":17,"column":32},"end":{"line":17,"column":44}},"5":{"start":{"line":18,"column":42},"end":{"line":18,"column":56}},"6":{"start":{"line":19,"column":21},"end":{"line":19,"column":30}},"7":{"start":{"line":20,"column":31},"end":{"line":20,"column":55}},"8":{"start":{"line":21,"column":2},"end":{"line":21,"column":34}},"9":{"start":{"line":23,"column":29},"end":{"line":25,"column":3}},"10":{"start":{"line":24,"column":4},"end":{"line":24,"column":25}},"11":{"start":{"line":27,"column":30},"end":{"line":29,"column":3}},"12":{"start":{"line":28,"column":4},"end":{"line":28,"column":35}},"13":{"start":{"line":31,"column":23},"end":{"line":40,"column":3}},"14":{"start":{"line":32,"column":4},"end":{"line":32,"column":27}},"15":{"start":{"line":34,"column":4},"end":{"line":37,"column":5}},"16":{"start":{"line":35,"column":6},"end":{"line":35,"column":50}},"17":{"start":{"line":36,"column":6},"end":{"line":36,"column":13}},"18":{"start":{"line":39,"column":4},"end":{"line":39,"column":31}},"19":{"start":{"line":42,"column":2},"end":{"line":72,"column":4}}},"fnMap":{"0":{"name":"(anonymous_0)","decl":{"start":{"line":13,"column":18},"end":{"line":13,"column":19}},"loc":{"start":{"line":13,"column":24},"end":{"line":73,"column":1}},"line":13},"1":{"name":"(anonymous_1)","decl":{"start":{"line":23,"column":29},"end":{"line":23,"column":30}},"loc":{"start":{"line":23,"column":44},"end":{"line":25,"column":3}},"line":23},"2":{"name":"(anonymous_2)","decl":{"start":{"line":27,"column":30},"end":{"line":27,"column":31}},"loc":{"start":{"line":27,"column":41},"end":{"line":29,"column":3}},"line":27},"3":{"name":"(anonymous_3)","decl":{"start":{"line":31,"column":23},"end":{"line":31,"column":24}},"loc":{"start":{"line":31,"column":34},"end":{"line":40,"column":3}},"line":31}},"branchMap":{"0":{"loc":{"start":{"line":34,"column":4},"end":{"line":37,"column":5}},"type":"if","locations":[{"start":{"line":34,"column":4},"end":{"line":37,"column":5}},{"start":{},"end":{}}],"line":34},"1":{"loc":{"start":{"line":65,"column":9},"end":{"line":65,"column":76}},"type":"binary-expr","locations":[{"start":{"line":65,"column":9},"end":{"line":65,"column":14}},{"start":{"line":65,"column":18},"end":{"line":65,"column":76}}],"line":65},"2":{"loc":{"start":{"line":66,"column":9},"end":{"line":66,"column":71}},"type":"binary-expr","locations":[{"start":{"line":66,"column":9},"end":{"line":66,"column":21}},{"start":{"line":66,"column":25},"end":{"line":66,"column":71}}],"line":66}},"s":{"0":1,"1":7,"2":7,"3":7,"4":7,"5":7,"6":7,"7":7,"8":7,"9":7,"10":1,"11":7,"12":2,"13":7,"14":2,"15":2,"16":1,"17":1,"18":1,"19":7},"f":{"0":7,"1":1,"2":2,"3":2},"b":{"0":[1,1],"1":[7,0],"2":[7,1]},"_coverageSchema":"1a1c01bbd47fc00a2c39e90264f33305004495a9","hash":"55564e14666e89267fcc808b874af1c89c80d7e6"}
,"/usr/src/app/src/components/review/MyReviews.js": {"path":"/usr/src/app/src/components/review/MyReviews.js","statementMap":{"0":{"start":{"line":16,"column":18},"end":{"line":80,"column":1}},"1":{"start":{"line":17,"column":21},"end":{"line":17,"column":30}},"2":{"start":{"line":18,"column":27},"end":{"line":18,"column":58}},"3":{"start":{"line":19,"column":32},"end":{"line":19,"column":44}},"4":{"start":{"line":20,"column":27},"end":{"line":20,"column":44}},"5":{"start":{"line":22,"column":2},"end":{"line":24,"column":25}},"6":{"start":{"line":23,"column":4},"end":{"line":23,"column":33}},"7":{"start":{"line":26,"column":23},"end":{"line":29,"column":3}},"8":{"start":{"line":27,"column":4},"end":{"line":27,"column":27}},"9":{"start":{"line":28,"column":4},"end":{"line":28,"column":65}},"10":{"start":{"line":28,"column":40},"end":{"line":28,"column":62}},"11":{"start":{"line":31,"column":2},"end":{"line":79,"column":4}},"12":{"start":{"line":40,"column":12},"end":{"line":70,"column":23}},"13":{"start":{"line":47,"column":40},"end":{"line":47,"column":45}},"14":{"start":{"line":48,"column":20},"end":{"line":55,"column":22}},"15":{"start":{"line":66,"column":54},"end":{"line":66,"column":77}}},"fnMap":{"0":{"name":"(anonymous_0)","decl":{"start":{"line":16,"column":18},"end":{"line":16,"column":19}},"loc":{"start":{"line":16,"column":24},"end":{"line":80,"column":1}},"line":16},"1":{"name":"(anonymous_1)","decl":{"start":{"line":22,"column":12},"end":{"line":22,"column":13}},"loc":{"start":{"line":22,"column":18},"end":{"line":24,"column":3}},"line":22},"2":{"name":"(anonymous_2)","decl":{"start":{"line":26,"column":23},"end":{"line":26,"column":24}},"loc":{"start":{"line":26,"column":37},"end":{"line":29,"column":3}},"line":26},"3":{"name":"(anonymous_3)","decl":{"start":{"line":28,"column":30},"end":{"line":28,"column":31}},"loc":{"start":{"line":28,"column":40},"end":{"line":28,"column":62}},"line":28},"4":{"name":"(anonymous_4)","decl":{"start":{"line":39,"column":22},"end":{"line":39,"column":23}},"loc":{"start":{"line":40,"column":12},"end":{"line":70,"column":23}},"line":40},"5":{"name":"(anonymous_5)","decl":{"start":{"line":46,"column":37},"end":{"line":46,"column":38}},"loc":{"start":{"line":46,"column":50},"end":{"line":56,"column":19}},"line":46},"6":{"name":"(anonymous_6)","decl":{"start":{"line":66,"column":48},"end":{"line":66,"column":49}},"loc":{"start":{"line":66,"column":54},"end":{"line":66,"column":77}},"line":66}},"branchMap":{"0":{"loc":{"start":{"line":38,"column":9},"end":{"line":76,"column":9}},"type":"cond-expr","locations":[{"start":{"line":39,"column":10},"end":{"line":71,"column":12}},{"start":{"line":73,"column":10},"end":{"line":75,"column":23}}],"line":38},"1":{"loc":{"start":{"line":38,"column":9},"end":{"line":38,"column":38}},"type":"binary-expr","locations":[{"start":{"line":38,"column":9},"end":{"line":38,"column":16}},{"start":{"line":38,"column":20},"end":{"line":38,"column":38}}],"line":38},"2":{"loc":{"start":{"line":52,"column":33},"end":{"line":52,"column":85}},"type":"cond-expr","locations":[{"start":{"line":52,"column":64},"end":{"line":52,"column":73}},{"start":{"line":52,"column":76},"end":{"line":52,"column":85}}],"line":52}},"s":{"0":1,"1":8,"2":8,"3":8,"4":8,"5":8,"6":3,"7":8,"8":2,"9":2,"10":3,"11":8,"12":5,"13":25,"14":25,"15":2},"f":{"0":8,"1":3,"2":2,"3":3,"4":5,"5":25,"6":2},"b":{"0":[3,5],"1":[8,8],"2":[22,3]},"_coverageSchema":"1a1c01bbd47fc00a2c39e90264f33305004495a9","hash":"d81fb8b46e685ef75e0c2aa54a5339bea0b6ecea"}
,"/usr/src/app/src/components/review/Reviews.js": {"path":"/usr/src/app/src/components/review/Reviews.js","statementMap":{"0":{"start":{"line":13,"column":16},"end":{"line":71,"column":1}},"1":{"start":{"line":14,"column":17},"end":{"line":14,"column":28}},"2":{"start":{"line":15,"column":23},"end":{"line":15,"column":47}},"3":{"start":{"line":16,"column":18},"end":{"line":16,"column":49}},"4":{"start":{"line":18,"column":2},"end":{"line":70,"column":4}},"5":{"start":{"line":31,"column":12},"end":{"line":62,"column":23}},"6":{"start":{"line":42,"column":44},"end":{"line":42,"column":49}},"7":{"start":{"line":43,"column":24},"end":{"line":50,"column":26}}},"fnMap":{"0":{"name":"(anonymous_0)","decl":{"start":{"line":13,"column":16},"end":{"line":13,"column":17}},"loc":{"start":{"line":13,"column":22},"end":{"line":71,"column":1}},"line":13},"1":{"name":"(anonymous_1)","decl":{"start":{"line":30,"column":22},"end":{"line":30,"column":23}},"loc":{"start":{"line":31,"column":12},"end":{"line":62,"column":23}},"line":31},"2":{"name":"(anonymous_2)","decl":{"start":{"line":41,"column":41},"end":{"line":41,"column":42}},"loc":{"start":{"line":41,"column":54},"end":{"line":51,"column":23}},"line":41}},"branchMap":{"0":{"loc":{"start":{"line":25,"column":9},"end":{"line":64,"column":9}},"type":"cond-expr","locations":[{"start":{"line":26,"column":10},"end":{"line":28,"column":23}},{"start":{"line":30,"column":10},"end":{"line":63,"column":12}}],"line":25},"1":{"loc":{"start":{"line":47,"column":37},"end":{"line":47,"column":89}},"type":"cond-expr","locations":[{"start":{"line":47,"column":68},"end":{"line":47,"column":77}},{"start":{"line":47,"column":80},"end":{"line":47,"column":89}}],"line":47}},"s":{"0":1,"1":2,"2":2,"3":2,"4":2,"5":4,"6":20,"7":20},"f":{"0":2,"1":4,"2":20},"b":{"0":[0,2],"1":[18,2]},"_coverageSchema":"1a1c01bbd47fc00a2c39e90264f33305004495a9","hash":"4cde6a34c9acae239d3c289c24b24ca0b4493881"}
,"/usr/src/app/src/constants/styles.js": {"path":"/usr/src/app/src/constants/styles.js","statementMap":{"0":{"start":{"line":1,"column":25},"end":{"line":5,"column":3}},"1":{"start":{"line":7,"column":31},"end":{"line":12,"column":3}},"2":{"start":{"line":14,"column":31},"end":{"line":16,"column":3}}},"fnMap":{},"branchMap":{},"s":{"0":1,"1":1,"2":1},"f":{},"b":{},"_coverageSchema":"1a1c01bbd47fc00a2c39e90264f33305004495a9","hash":"b01ed65d6ed5d92a6dbeb60f4acd238161c2877f"}
,"/usr/src/app/src/constants/timeAndDate.js": {"path":"/usr/src/app/src/constants/timeAndDate.js","statementMap":{"0":{"start":{"line":1,"column":26},"end":{"line":9,"column":1}},"1":{"start":{"line":11,"column":27},"end":{"line":21,"column":1}},"2":{"start":{"line":12,"column":18},"end":{"line":12,"column":20}},"3":{"start":{"line":13,"column":2},"end":{"line":19,"column":3}},"4":{"start":{"line":13,"column":15},"end":{"line":13,"column":16}},"5":{"start":{"line":14,"column":4},"end":{"line":18,"column":5}},"6":{"start":{"line":14,"column":17},"end":{"line":14,"column":18}},"7":{"start":{"line":15,"column":19},"end":{"line":15,"column":39}},"8":{"start":{"line":16,"column":21},"end":{"line":16,"column":41}},"9":{"start":{"line":17,"column":6},"end":{"line":17,"column":40}},"10":{"start":{"line":20,"column":2},"end":{"line":20,"column":17}}},"fnMap":{"0":{"name":"(anonymous_0)","decl":{"start":{"line":11,"column":27},"end":{"line":11,"column":28}},"loc":{"start":{"line":11,"column":33},"end":{"line":21,"column":1}},"line":11}},"branchMap":{"0":{"loc":{"start":{"line":15,"column":19},"end":{"line":15,"column":39}},"type":"cond-expr","locations":[{"start":{"line":15,"column":28},"end":{"line":15,"column":35}},{"start":{"line":15,"column":38},"end":{"line":15,"column":39}}],"line":15},"1":{"loc":{"start":{"line":16,"column":21},"end":{"line":16,"column":41}},"type":"cond-expr","locations":[{"start":{"line":16,"column":30},"end":{"line":16,"column":37}},{"start":{"line":16,"column":40},"end":{"line":16,"column":41}}],"line":16}},"s":{"0":1,"1":1,"2":0,"3":0,"4":0,"5":0,"6":0,"7":0,"8":0,"9":0,"10":0},"f":{"0":0},"b":{"0":[0,0],"1":[0,0]},"_coverageSchema":"1a1c01bbd47fc00a2c39e90264f33305004495a9","hash":"e5e6ae2a2157ce112f6dc6bd930361967ec66483"}
,"/usr/src/app/src/contexts/UserContext.js": {"path":"/usr/src/app/src/contexts/UserContext.js","statementMap":{"0":{"start":{"line":3,"column":20},"end":{"line":3,"column":35}},"1":{"start":{"line":5,"column":28},"end":{"line":14,"column":1}},"2":{"start":{"line":6,"column":34},"end":{"line":6,"column":87}},"3":{"start":{"line":6,"column":49},"end":{"line":6,"column":86}},"4":{"start":{"line":7,"column":30},"end":{"line":7,"column":44}},"5":{"start":{"line":9,"column":2},"end":{"line":13,"column":4}},"6":{"start":{"line":16,"column":23},"end":{"line":18,"column":1}},"7":{"start":{"line":17,"column":2},"end":{"line":17,"column":33}}},"fnMap":{"0":{"name":"(anonymous_0)","decl":{"start":{"line":5,"column":28},"end":{"line":5,"column":29}},"loc":{"start":{"line":5,"column":46},"end":{"line":14,"column":1}},"line":5},"1":{"name":"(anonymous_1)","decl":{"start":{"line":6,"column":43},"end":{"line":6,"column":44}},"loc":{"start":{"line":6,"column":49},"end":{"line":6,"column":86}},"line":6},"2":{"name":"(anonymous_2)","decl":{"start":{"line":16,"column":23},"end":{"line":16,"column":24}},"loc":{"start":{"line":16,"column":29},"end":{"line":18,"column":1}},"line":16}},"branchMap":{},"s":{"0":5,"1":5,"2":0,"3":0,"4":0,"5":0,"6":5,"7":0},"f":{"0":0,"1":0,"2":0},"b":{},"_coverageSchema":"1a1c01bbd47fc00a2c39e90264f33305004495a9","hash":"5fb98b82a6b76777e0c9e79761c39c2af27f7672"}
,"/usr/src/app/src/hooks/auth/useAuth.js": {"path":"/usr/src/app/src/hooks/auth/useAuth.js","statementMap":{"0":{"start":{"line":4,"column":23},"end":{"line":39,"column":1}},"1":{"start":{"line":5,"column":34},"end":{"line":5,"column":46}},"2":{"start":{"line":6,"column":34},"end":{"line":6,"column":46}},"3":{"start":{"line":7,"column":48},"end":{"line":7,"column":60}},"4":{"start":{"line":8,"column":28},"end":{"line":8,"column":42}},"5":{"start":{"line":10,"column":23},"end":{"line":17,"column":3}},"6":{"start":{"line":11,"column":19},"end":{"line":11,"column":57}},"7":{"start":{"line":13,"column":4},"end":{"line":15,"column":5}},"8":{"start":{"line":14,"column":6},"end":{"line":14,"column":29}},"9":{"start":{"line":16,"column":4},"end":{"line":16,"column":18}},"10":{"start":{"line":19,"column":20},"end":{"line":25,"column":3}},"11":{"start":{"line":20,"column":19},"end":{"line":20,"column":54}},"12":{"start":{"line":21,"column":4},"end":{"line":23,"column":5}},"13":{"start":{"line":22,"column":6},"end":{"line":22,"column":29}},"14":{"start":{"line":24,"column":4},"end":{"line":24,"column":18}},"15":{"start":{"line":27,"column":2},"end":{"line":38,"column":4}}},"fnMap":{"0":{"name":"(anonymous_0)","decl":{"start":{"line":4,"column":23},"end":{"line":4,"column":24}},"loc":{"start":{"line":4,"column":29},"end":{"line":39,"column":1}},"line":4},"1":{"name":"(anonymous_1)","decl":{"start":{"line":10,"column":23},"end":{"line":10,"column":24}},"loc":{"start":{"line":10,"column":45},"end":{"line":17,"column":3}},"line":10},"2":{"name":"(anonymous_2)","decl":{"start":{"line":19,"column":20},"end":{"line":19,"column":21}},"loc":{"start":{"line":19,"column":42},"end":{"line":25,"column":3}},"line":19}},"branchMap":{"0":{"loc":{"start":{"line":13,"column":4},"end":{"line":15,"column":5}},"type":"if","locations":[{"start":{"line":13,"column":4},"end":{"line":15,"column":5}},{"start":{},"end":{}}],"line":13},"1":{"loc":{"start":{"line":21,"column":4},"end":{"line":23,"column":5}},"type":"if","locations":[{"start":{"line":21,"column":4},"end":{"line":23,"column":5}},{"start":{},"end":{}}],"line":21}},"s":{"0":0,"1":0,"2":0,"3":0,"4":0,"5":0,"6":0,"7":0,"8":0,"9":0,"10":0,"11":0,"12":0,"13":0,"14":0,"15":0},"f":{"0":0,"1":0,"2":0},"b":{"0":[0,0],"1":[0,0]}}
,"/usr/src/app/src/hooks/buildings/useAddBuilding.js": {"path":"/usr/src/app/src/hooks/buildings/useAddBuilding.js","statementMap":{"0":{"start":{"line":4,"column":23},"end":{"line":50,"column":1}},"1":{"start":{"line":5,"column":28},"end":{"line":5,"column":42}},"2":{"start":{"line":6,"column":34},"end":{"line":14,"column":4}},"3":{"start":{"line":15,"column":48},"end":{"line":15,"column":63}},"4":{"start":{"line":17,"column":23},"end":{"line":20,"column":3}},"5":{"start":{"line":18,"column":28},"end":{"line":18,"column":40}},"6":{"start":{"line":19,"column":4},"end":{"line":19,"column":48}},"7":{"start":{"line":22,"column":31},"end":{"line":25,"column":3}},"8":{"start":{"line":23,"column":30},"end":{"line":23,"column":42}},"9":{"start":{"line":24,"column":4},"end":{"line":24,"column":50}},"10":{"start":{"line":27,"column":23},"end":{"line":47,"column":3}},"11":{"start":{"line":28,"column":4},"end":{"line":28,"column":27}},"12":{"start":{"line":30,"column":4},"end":{"line":46,"column":5}},"13":{"start":{"line":31,"column":6},"end":{"line":31,"column":51}},"14":{"start":{"line":32,"column":6},"end":{"line":40,"column":9}},"15":{"start":{"line":41,"column":6},"end":{"line":41,"column":21}},"16":{"start":{"line":43,"column":6},"end":{"line":43,"column":31}},"17":{"start":{"line":45,"column":6},"end":{"line":45,"column":28}},"18":{"start":{"line":49,"column":2},"end":{"line":49,"column":96}}},"fnMap":{"0":{"name":"(anonymous_0)","decl":{"start":{"line":4,"column":23},"end":{"line":4,"column":24}},"loc":{"start":{"line":4,"column":29},"end":{"line":50,"column":1}},"line":4},"1":{"name":"(anonymous_1)","decl":{"start":{"line":17,"column":23},"end":{"line":17,"column":24}},"loc":{"start":{"line":17,"column":34},"end":{"line":20,"column":3}},"line":17},"2":{"name":"(anonymous_2)","decl":{"start":{"line":22,"column":31},"end":{"line":22,"column":32}},"loc":{"start":{"line":22,"column":42},"end":{"line":25,"column":3}},"line":22},"3":{"name":"(anonymous_3)","decl":{"start":{"line":27,"column":23},"end":{"line":27,"column":24}},"loc":{"start":{"line":27,"column":40},"end":{"line":47,"column":3}},"line":27}},"branchMap":{},"s":{"0":2,"1":6,"2":6,"3":6,"4":6,"5":1,"6":1,"7":6,"8":1,"9":1,"10":6,"11":2,"12":2,"13":2,"14":1,"15":1,"16":1,"17":1,"18":6},"f":{"0":6,"1":1,"2":1,"3":2},"b":{},"_coverageSchema":"1a1c01bbd47fc00a2c39e90264f33305004495a9","hash":"147443fc18132b6b44718414c22c5eb0fd46253f"}
,"/usr/src/app/src/hooks/buildings/useDeleteBuilding.js": {"path":"/usr/src/app/src/hooks/buildings/useDeleteBuilding.js","statementMap":{"0":{"start":{"line":4,"column":26},"end":{"line":26,"column":1}},"1":{"start":{"line":5,"column":36},"end":{"line":5,"column":51}},"2":{"start":{"line":6,"column":28},"end":{"line":6,"column":42}},"3":{"start":{"line":8,"column":25},"end":{"line":23,"column":3}},"4":{"start":{"line":9,"column":4},"end":{"line":11,"column":5}},"5":{"start":{"line":10,"column":6},"end":{"line":10,"column":13}},"6":{"start":{"line":13,"column":4},"end":{"line":13,"column":23}},"7":{"start":{"line":14,"column":4},"end":{"line":14,"column":19}},"8":{"start":{"line":15,"column":4},"end":{"line":22,"column":5}},"9":{"start":{"line":16,"column":24},"end":{"line":16,"column":65}},"10":{"start":{"line":17,"column":6},"end":{"line":17,"column":26}},"11":{"start":{"line":18,"column":6},"end":{"line":18,"column":23}},"12":{"start":{"line":20,"column":6},"end":{"line":20,"column":26}},"13":{"start":{"line":21,"column":6},"end":{"line":21,"column":20}},"14":{"start":{"line":25,"column":2},"end":{"line":25,"column":46}}},"fnMap":{"0":{"name":"(anonymous_0)","decl":{"start":{"line":4,"column":26},"end":{"line":4,"column":27}},"loc":{"start":{"line":4,"column":32},"end":{"line":26,"column":1}},"line":4},"1":{"name":"(anonymous_1)","decl":{"start":{"line":8,"column":25},"end":{"line":8,"column":26}},"loc":{"start":{"line":8,"column":39},"end":{"line":23,"column":3}},"line":8}},"branchMap":{"0":{"loc":{"start":{"line":9,"column":4},"end":{"line":11,"column":5}},"type":"if","locations":[{"start":{"line":9,"column":4},"end":{"line":11,"column":5}},{"start":{},"end":{}}],"line":9}},"s":{"0":1,"1":0,"2":0,"3":0,"4":0,"5":0,"6":0,"7":0,"8":0,"9":0,"10":0,"11":0,"12":0,"13":0,"14":0},"f":{"0":0,"1":0},"b":{"0":[0,0]},"_coverageSchema":"1a1c01bbd47fc00a2c39e90264f33305004495a9","hash":"217539c4f9320dba390924453dce05189bfb40ac"}
,"/usr/src/app/src/hooks/buildings/useFetchBuildings.js": {"path":"/usr/src/app/src/hooks/buildings/useFetchBuildings.js","statementMap":{"0":{"start":{"line":4,"column":40},"end":{"line":13,"column":1}},"1":{"start":{"line":5,"column":36},"end":{"line":5,"column":48}},"2":{"start":{"line":7,"column":2},"end":{"line":10,"column":9}},"3":{"start":{"line":8,"column":4},"end":{"line":9,"column":41}},"4":{"start":{"line":9,"column":22},"end":{"line":9,"column":40}},"5":{"start":{"line":12,"column":2},"end":{"line":12,"column":19}},"6":{"start":{"line":15,"column":26},"end":{"line":24,"column":1}},"7":{"start":{"line":16,"column":36},"end":{"line":16,"column":48}},"8":{"start":{"line":18,"column":2},"end":{"line":21,"column":9}},"9":{"start":{"line":19,"column":4},"end":{"line":20,"column":25}},"10":{"start":{"line":23,"column":2},"end":{"line":23,"column":19}},"11":{"start":{"line":26,"column":29},"end":{"line":36,"column":1}},"12":{"start":{"line":27,"column":34},"end":{"line":27,"column":46}},"13":{"start":{"line":29,"column":2},"end":{"line":33,"column":19}},"14":{"start":{"line":30,"column":4},"end":{"line":31,"column":38}},"15":{"start":{"line":31,"column":20},"end":{"line":31,"column":37}},"16":{"start":{"line":35,"column":2},"end":{"line":35,"column":35}}},"fnMap":{"0":{"name":"(anonymous_0)","decl":{"start":{"line":4,"column":40},"end":{"line":4,"column":41}},"loc":{"start":{"line":4,"column":46},"end":{"line":13,"column":1}},"line":4},"1":{"name":"(anonymous_1)","decl":{"start":{"line":7,"column":12},"end":{"line":7,"column":13}},"loc":{"start":{"line":7,"column":18},"end":{"line":10,"column":3}},"line":7},"2":{"name":"(anonymous_2)","decl":{"start":{"line":9,"column":12},"end":{"line":9,"column":13}},"loc":{"start":{"line":9,"column":22},"end":{"line":9,"column":40}},"line":9},"3":{"name":"(anonymous_3)","decl":{"start":{"line":15,"column":26},"end":{"line":15,"column":27}},"loc":{"start":{"line":15,"column":32},"end":{"line":24,"column":1}},"line":15},"4":{"name":"(anonymous_4)","decl":{"start":{"line":18,"column":12},"end":{"line":18,"column":13}},"loc":{"start":{"line":18,"column":18},"end":{"line":21,"column":3}},"line":18},"5":{"name":"(anonymous_5)","decl":{"start":{"line":26,"column":29},"end":{"line":26,"column":30}},"loc":{"start":{"line":26,"column":45},"end":{"line":36,"column":1}},"line":26},"6":{"name":"(anonymous_6)","decl":{"start":{"line":29,"column":12},"end":{"line":29,"column":13}},"loc":{"start":{"line":29,"column":18},"end":{"line":33,"column":3}},"line":29},"7":{"name":"(anonymous_7)","decl":{"start":{"line":31,"column":12},"end":{"line":31,"column":13}},"loc":{"start":{"line":31,"column":20},"end":{"line":31,"column":37}},"line":31}},"branchMap":{},"s":{"0":5,"1":0,"2":0,"3":0,"4":0,"5":0,"6":5,"7":0,"8":0,"9":0,"10":0,"11":5,"12":0,"13":0,"14":0,"15":0,"16":0},"f":{"0":0,"1":0,"2":0,"3":0,"4":0,"5":0,"6":0,"7":0},"b":{},"_coverageSchema":"1a1c01bbd47fc00a2c39e90264f33305004495a9","hash":"d1e9af7b3bbcb7632576b41af246c9737978d3e2"}
,"/usr/src/app/src/hooks/buildings/useUpdateBuilding.js": {"path":"/usr/src/app/src/hooks/buildings/useUpdateBuilding.js","statementMap":{"0":{"start":{"line":4,"column":26},"end":{"line":18,"column":1}},"1":{"start":{"line":5,"column":28},"end":{"line":5,"column":42}},"2":{"start":{"line":7,"column":25},"end":{"line":15,"column":3}},"3":{"start":{"line":8,"column":4},"end":{"line":14,"column":5}},"4":{"start":{"line":9,"column":19},"end":{"line":9,"column":82}},"5":{"start":{"line":10,"column":6},"end":{"line":10,"column":18}},"6":{"start":{"line":12,"column":6},"end":{"line":12,"column":35}},"7":{"start":{"line":13,"column":6},"end":{"line":13,"column":28}},"8":{"start":{"line":17,"column":2},"end":{"line":17,"column":35}}},"fnMap":{"0":{"name":"(anonymous_0)","decl":{"start":{"line":4,"column":26},"end":{"line":4,"column":27}},"loc":{"start":{"line":4,"column":32},"end":{"line":18,"column":1}},"line":4},"1":{"name":"(anonymous_1)","decl":{"start":{"line":7,"column":25},"end":{"line":7,"column":26}},"loc":{"start":{"line":7,"column":61},"end":{"line":15,"column":3}},"line":7}},"branchMap":{},"s":{"0":1,"1":0,"2":0,"3":0,"4":0,"5":0,"6":0,"7":0,"8":0},"f":{"0":0,"1":0},"b":{},"_coverageSchema":"1a1c01bbd47fc00a2c39e90264f33305004495a9","hash":"b5892eaa77b1cf02ea0097ce1096a1fbaca58c05"}
,"/usr/src/app/src/hooks/coordinates/useFetchCoordinates.js": {"path":"/usr/src/app/src/hooks/coordinates/useFetchCoordinates.js","statementMap":{"0":{"start":{"line":4,"column":28},"end":{"line":23,"column":1}},"1":{"start":{"line":5,"column":40},"end":{"line":5,"column":52}},"2":{"start":{"line":7,"column":2},"end":{"line":20,"column":36}},"3":{"start":{"line":8,"column":29},"end":{"line":17,"column":5}},"4":{"start":{"line":9,"column":21},"end":{"line":9,"column":23}},"5":{"start":{"line":10,"column":6},"end":{"line":15,"column":7}},"6":{"start":{"line":11,"column":25},"end":{"line":11,"column":102}},"7":{"start":{"line":12,"column":8},"end":{"line":14,"column":9}},"8":{"start":{"line":13,"column":10},"end":{"line":13,"column":41}},"9":{"start":{"line":16,"column":6},"end":{"line":16,"column":29}},"10":{"start":{"line":19,"column":4},"end":{"line":19,"column":23}},"11":{"start":{"line":22,"column":2},"end":{"line":22,"column":21}}},"fnMap":{"0":{"name":"(anonymous_0)","decl":{"start":{"line":4,"column":28},"end":{"line":4,"column":29}},"loc":{"start":{"line":4,"column":61},"end":{"line":23,"column":1}},"line":4},"1":{"name":"(anonymous_1)","decl":{"start":{"line":7,"column":12},"end":{"line":7,"column":13}},"loc":{"start":{"line":7,"column":18},"end":{"line":20,"column":3}},"line":7},"2":{"name":"(anonymous_2)","decl":{"start":{"line":8,"column":29},"end":{"line":8,"column":30}},"loc":{"start":{"line":8,"column":41},"end":{"line":17,"column":5}},"line":8}},"branchMap":{"0":{"loc":{"start":{"line":12,"column":8},"end":{"line":14,"column":9}},"type":"if","locations":[{"start":{"line":12,"column":8},"end":{"line":14,"column":9}},{"start":{},"end":{}}],"line":12}},"s":{"0":0,"1":0,"2":0,"3":0,"4":0,"5":0,"6":0,"7":0,"8":0,"9":0,"10":0,"11":0},"f":{"0":0,"1":0,"2":0},"b":{"0":[0,0]}}
[...]
,"/usr/src/app/src/services/coordinatesService.js": {"path":"/usr/src/app/src/services/coordinatesService.js","statementMap":{"0":{"start":{"line":1,"column":27},"end":{"line":15,"column":1}},"1":{"start":{"line":3,"column":4},"end":{"line":12,"column":5}},"2":{"start":{"line":4,"column":23},"end":{"line":4,"column":130}},"3":{"start":{"line":5,"column":19},"end":{"line":5,"column":40}},"4":{"start":{"line":6,"column":6},"end":{"line":9,"column":7}},"5":{"start":{"line":7,"column":25},"end":{"line":7,"column":58}},"6":{"start":{"line":8,"column":8},"end":{"line":8,"column":24}},"7":{"start":{"line":11,"column":6},"end":{"line":11,"column":60}},"8":{"start":{"line":13,"column":4},"end":{"line":13,"column":16}}},"fnMap":{"0":{"name":"(anonymous_0)","decl":{"start":{"line":2,"column":20},"end":{"line":2,"column":21}},"loc":{"start":{"line":2,"column":57},"end":{"line":14,"column":3}},"line":2}},"branchMap":{"0":{"loc":{"start":{"line":6,"column":6},"end":{"line":9,"column":7}},"type":"if","locations":[{"start":{"line":6,"column":6},"end":{"line":9,"column":7}},{"start":{},"end":{}}],"line":6},"1":{"loc":{"start":{"line":6,"column":10},"end":{"line":6,"column":49}},"type":"binary-expr","locations":[{"start":{"line":6,"column":10},"end":{"line":6,"column":22}},{"start":{"line":6,"column":26},"end":{"line":6,"column":49}}],"line":6}},"s":{"0":0,"1":0,"2":0,"3":0,"4":0,"5":0,"6":0,"7":0,"8":0},"f":{"0":0},"b":{"0":[0,0],"1":[0,0]}}
,"/usr/src/app/src/services/favoritesService.js": {"path":"/usr/src/app/src/services/favoritesService.js","statementMap":{"0":{"start":{"line":1,"column":25},"end":{"line":33,"column":1}},"1":{"start":{"line":3,"column":4},"end":{"line":10,"column":5}},"2":{"start":{"line":4,"column":23},"end":{"line":4,"column":99}},"3":{"start":{"line":5,"column":19},"end":{"line":5,"column":40}},"4":{"start":{"line":6,"column":6},"end":{"line":6,"column":24}},"5":{"start":{"line":8,"column":6},"end":{"line":8,"column":52}},"6":{"start":{"line":9,"column":6},"end":{"line":9,"column":16}},"7":{"start":{"line":14,"column":27},"end":{"line":23,"column":5}},"8":{"start":{"line":25,"column":4},"end":{"line":31,"column":5}},"9":{"start":{"line":26,"column":23},"end":{"line":26,"column":115}},"10":{"start":{"line":27,"column":19},"end":{"line":27,"column":40}},"11":{"start":{"line":28,"column":6},"end":{"line":28,"column":18}},"12":{"start":{"line":30,"column":6},"end":{"line":30,"column":51}}},"fnMap":{"0":{"name":"(anonymous_0)","decl":{"start":{"line":2,"column":16},"end":{"line":2,"column":17}},"loc":{"start":{"line":2,"column":34},"end":{"line":11,"column":3}},"line":2},"1":{"name":"(anonymous_1)","decl":{"start":{"line":13,"column":18},"end":{"line":13,"column":19}},"loc":{"start":{"line":13,"column":56},"end":{"line":32,"column":3}},"line":13}},"branchMap":{"0":{"loc":{"start":{"line":6,"column":13},"end":{"line":6,"column":23}},"type":"binary-expr","locations":[{"start":{"line":6,"column":13},"end":{"line":6,"column":17}},{"start":{"line":6,"column":21},"end":{"line":6,"column":23}}],"line":6}},"s":{"0":2,"1":0,"2":0,"3":0,"4":0,"5":0,"6":0,"7":0,"8":0,"9":0,"10":0,"11":0,"12":0},"f":{"0":0,"1":0},"b":{"0":[0,0]},"_coverageSchema":"1a1c01bbd47fc00a2c39e90264f33305004495a9","hash":"fbde7262328eb3e894f748926945d6c91c80fa18"}
,"/usr/src/app/src/services/hoursService.js": {"path":"/usr/src/app/src/services/hoursService.js","statementMap":{"0":{"start":{"line":1,"column":21},"end":{"line":51,"column":1}},"1":{"start":{"line":3,"column":21},"end":{"line":3,"column":84}},"2":{"start":{"line":4,"column":17},"end":{"line":4,"column":38}},"3":{"start":{"line":5,"column":4},"end":{"line":9,"column":5}},"4":{"start":{"line":6,"column":6},"end":{"line":6,"column":18}},"5":{"start":{"line":8,"column":6},"end":{"line":8,"column":34}},"6":{"start":{"line":13,"column":27},"end":{"line":19,"column":5}},"7":{"start":{"line":21,"column":4},"end":{"line":33,"column":5}},"8":{"start":{"line":22,"column":23},"end":{"line":22,"column":100}},"9":{"start":{"line":23,"column":19},"end":{"line":23,"column":40}},"10":{"start":{"line":25,"column":6},"end":{"line":27,"column":7}},"11":{"start":{"line":26,"column":8},"end":{"line":26,"column":62}},"12":{"start":{"line":29,"column":6},"end":{"line":29,"column":18}},"13":{"start":{"line":31,"column":6},"end":{"line":31,"column":35}},"14":{"start":{"line":32,"column":6},"end":{"line":32,"column":16}},"15":{"start":{"line":37,"column":27},"end":{"line":42,"column":5}},"16":{"start":{"line":44,"column":21},"end":{"line":44,"column":100}},"17":{"start":{"line":46,"column":4},"end":{"line":48,"column":5}},"18":{"start":{"line":47,"column":6},"end":{"line":47,"column":48}}},"fnMap":{"0":{"name":"(anonymous_0)","decl":{"start":{"line":2,"column":14},"end":{"line":2,"column":15}},"loc":{"start":{"line":2,"column":28},"end":{"line":10,"column":3}},"line":2},"1":{"name":"(anonymous_1)","decl":{"start":{"line":12,"column":12},"end":{"line":12,"column":13}},"loc":{"start":{"line":12,"column":35},"end":{"line":34,"column":3}},"line":12},"2":{"name":"(anonymous_2)","decl":{"start":{"line":36,"column":14},"end":{"line":36,"column":15}},"loc":{"start":{"line":36,"column":28},"end":{"line":49,"column":3}},"line":36}},"branchMap":{"0":{"loc":{"start":{"line":5,"column":4},"end":{"line":9,"column":5}},"type":"if","locations":[{"start":{"line":5,"column":4},"end":{"line":9,"column":5}},{"start":{"line":7,"column":11},"end":{"line":9,"column":5}}],"line":5},"1":{"loc":{"start":{"line":25,"column":6},"end":{"line":27,"column":7}},"type":"if","locations":[{"start":{"line":25,"column":6},"end":{"line":27,"column":7}},{"start":{},"end":{}}],"line":25},"2":{"loc":{"start":{"line":46,"column":4},"end":{"line":48,"column":5}},"type":"if","locations":[{"start":{"line":46,"column":4},"end":{"line":48,"column":5}},{"start":{},"end":{}}],"line":46}},"s":{"0":2,"1":0,"2":0,"3":0,"4":0,"5":0,"6":0,"7":0,"8":0,"9":0,"10":0,"11":0,"12":0,"13":0,"14":0,"15":0,"16":0,"17":0,"18":0},"f":{"0":0,"1":0,"2":0},"b":{"0":[0,0],"1":[0,0],"2":[0,0]},"_coverageSchema":"1a1c01bbd47fc00a2c39e90264f33305004495a9","hash":"d9efc53301c94a93558b635e62d3b5f001b79e3e"}
,"/usr/src/app/src/services/reviewsService.js": {"path":"/usr/src/app/src/services/reviewsService.js","statementMap":{"0":{"start":{"line":1,"column":23},"end":{"line":55,"column":1}},"1":{"start":{"line":3,"column":27},"end":{"line":14,"column":5}},"2":{"start":{"line":16,"column":21},"end":{"line":16,"column":113}},"3":{"start":{"line":17,"column":17},"end":{"line":17,"column":38}},"4":{"start":{"line":18,"column":4},"end":{"line":20,"column":5}},"5":{"start":{"line":19,"column":6},"end":{"line":19,"column":34}},"6":{"start":{"line":24,"column":21},"end":{"line":24,"column":94}},"7":{"start":{"line":25,"column":17},"end":{"line":25,"column":38}},"8":{"start":{"line":26,"column":4},"end":{"line":30,"column":5}},"9":{"start":{"line":27,"column":6},"end":{"line":27,"column":18}},"10":{"start":{"line":29,"column":6},"end":{"line":29,"column":34}},"11":{"start":{"line":34,"column":21},"end":{"line":34,"column":95}},"12":{"start":{"line":35,"column":17},"end":{"line":35,"column":38}},"13":{"start":{"line":36,"column":4},"end":{"line":38,"column":5}},"14":{"start":{"line":37,"column":6},"end":{"line":37,"column":34}},"15":{"start":{"line":39,"column":4},"end":{"line":39,"column":22}},"16":{"start":{"line":43,"column":27},"end":{"line":48,"column":5}},"17":{"start":{"line":50,"column":21},"end":{"line":50,"column":107}},"18":{"start":{"line":51,"column":4},"end":{"line":53,"column":5}},"19":{"start":{"line":52,"column":6},"end":{"line":52,"column":49}}},"fnMap":{"0":{"name":"(anonymous_0)","decl":{"start":{"line":2,"column":13},"end":{"line":2,"column":14}},"loc":{"start":{"line":2,"column":60},"end":{"line":21,"column":3}},"line":2},"1":{"name":"(anonymous_1)","decl":{"start":{"line":23,"column":28},"end":{"line":23,"column":29}},"loc":{"start":{"line":23,"column":50},"end":{"line":31,"column":3}},"line":23},"2":{"name":"(anonymous_2)","decl":{"start":{"line":33,"column":24},"end":{"line":33,"column":25}},"loc":{"start":{"line":33,"column":42},"end":{"line":40,"column":3}},"line":33},"3":{"name":"(anonymous_3)","decl":{"start":{"line":42,"column":16},"end":{"line":42,"column":17}},"loc":{"start":{"line":42,"column":36},"end":{"line":54,"column":3}},"line":42}},"branchMap":{"0":{"loc":{"start":{"line":18,"column":4},"end":{"line":20,"column":5}},"type":"if","locations":[{"start":{"line":18,"column":4},"end":{"line":20,"column":5}},{"start":{},"end":{}}],"line":18},"1":{"loc":{"start":{"line":26,"column":4},"end":{"line":30,"column":5}},"type":"if","locations":[{"start":{"line":26,"column":4},"end":{"line":30,"column":5}},{"start":{"line":28,"column":11},"end":{"line":30,"column":5}}],"line":26},"2":{"loc":{"start":{"line":36,"column":4},"end":{"line":38,"column":5}},"type":"if","locations":[{"start":{"line":36,"column":4},"end":{"line":38,"column":5}},{"start":{},"end":{}}],"line":36},"3":{"loc":{"start":{"line":39,"column":11},"end":{"line":39,"column":21}},"type":"binary-expr","locations":[{"start":{"line":39,"column":11},"end":{"line":39,"column":15}},{"start":{"line":39,"column":19},"end":{"line":39,"column":21}}],"line":39},"4":{"loc":{"start":{"line":51,"column":4},"end":{"line":53,"column":5}},"type":"if","locations":[{"start":{"line":51,"column":4},"end":{"line":53,"column":5}},{"start":{},"end":{}}],"line":51}},"s":{"0":4,"1":0,"2":0,"3":0,"4":0,"5":0,"6":0,"7":0,"8":0,"9":0,"10":0,"11":0,"12":0,"13":0,"14":0,"15":0,"16":0,"17":0,"18":0,"19":0},"f":{"0":0,"1":0,"2":0,"3":0},"b":{"0":[0,0],"1":[0,0],"2":[0,0],"3":[0,0],"4":[0,0]},"_coverageSchema":"1a1c01bbd47fc00a2c39e90264f33305004495a9","hash":"3532ececf522f2afbe53e1cacb612742d56a709c"}
,"/usr/src/app/src/tests/components/hours/AddHours.tes.js": {"path":"/usr/src/app/src/tests/components/hours/AddHours.tes.js","statementMap":{"0":{"start":{"line":7,"column":0},"end":{"line":7,"column":56}},"1":{"start":{"line":8,"column":0},"end":{"line":8,"column":44}},"2":{"start":{"line":10,"column":0},"end":{"line":199,"column":3}},"3":{"start":{"line":11,"column":2},"end":{"line":18,"column":5}},"4":{"start":{"line":12,"column":4},"end":{"line":15,"column":7}},"5":{"start":{"line":17,"column":4},"end":{"line":17,"column":60}},"6":{"start":{"line":20,"column":2},"end":{"line":36,"column":5}},"7":{"start":{"line":21,"column":42},"end":{"line":21,"column":62}},"8":{"start":{"line":23,"column":4},"end":{"line":23,"column":59}},"9":{"start":{"line":24,"column":4},"end":{"line":24,"column":49}},"10":{"start":{"line":25,"column":4},"end":{"line":25,"column":49}},"11":{"start":{"line":26,"column":4},"end":{"line":26,"column":49}},"12":{"start":{"line":27,"column":4},"end":{"line":27,"column":49}},"13":{"start":{"line":28,"column":4},"end":{"line":28,"column":49}},"14":{"start":{"line":29,"column":4},"end":{"line":29,"column":49}},"15":{"start":{"line":30,"column":4},"end":{"line":30,"column":49}},"16":{"start":{"line":31,"column":4},"end":{"line":31,"column":56}},"17":{"start":{"line":32,"column":4},"end":{"line":32,"column":54}},"18":{"start":{"line":33,"column":4},"end":{"line":33,"column":55}},"19":{"start":{"line":34,"column":4},"end":{"line":34,"column":56}},"20":{"start":{"line":35,"column":4},"end":{"line":35,"column":49}},"21":{"start":{"line":38,"column":2},"end":{"line":55,"column":5}},"22":{"start":{"line":39,"column":64},"end":{"line":39,"column":84}},"23":{"start":{"line":41,"column":4},"end":{"line":52,"column":7}},"24":{"start":{"line":42,"column":6},"end":{"line":42,"column":58}},"25":{"start":{"line":43,"column":22},"end":{"line":43,"column":50}},"26":{"start":{"line":44,"column":6},"end":{"line":44,"column":56}},"27":{"start":{"line":46,"column":6},"end":{"line":46,"column":40}},"28":{"start":{"line":47,"column":6},"end":{"line":47,"column":93}},"29":{"start":{"line":48,"column":6},"end":{"line":48,"column":91}},"30":{"start":{"line":49,"column":6},"end":{"line":49,"column":87}},"31":{"start":{"line":50,"column":6},"end":{"line":50,"column":88}},"32":{"start":{"line":51,"column":6},"end":{"line":51,"column":40}},"33":{"start":{"line":54,"column":4},"end":{"line":54,"column":53}}},"fnMap":{"0":{"name":"(anonymous_0)","decl":{"start":{"line":10,"column":31},"end":{"line":10,"column":32}},"loc":{"start":{"line":10,"column":37},"end":{"line":199,"column":1}},"line":10},"1":{"name":"(anonymous_1)","decl":{"start":{"line":11,"column":13},"end":{"line":11,"column":14}},"loc":{"start":{"line":11,"column":19},"end":{"line":18,"column":3}},"line":11},"2":{"name":"(anonymous_2)","decl":{"start":{"line":20,"column":49},"end":{"line":20,"column":50}},"loc":{"start":{"line":20,"column":55},"end":{"line":36,"column":3}},"line":20},"3":{"name":"(anonymous_3)","decl":{"start":{"line":38,"column":59},"end":{"line":38,"column":60}},"loc":{"start":{"line":38,"column":71},"end":{"line":55,"column":3}},"line":38},"4":{"name":"(anonymous_4)","decl":{"start":{"line":41,"column":14},"end":{"line":41,"column":15}},"loc":{"start":{"line":41,"column":26},"end":{"line":52,"column":5}},"line":41}},"branchMap":{},"s":{"0":0,"1":0,"2":0,"3":0,"4":0,"5":0,"6":0,"7":0,"8":0,"9":0,"10":0,"11":0,"12":0,"13":0,"14":0,"15":0,"16":0,"17":0,"18":0,"19":0,"20":0,"21":0,"22":0,"23":0,"24":0,"25":0,"26":0,"27":0,"28":0,"29":0,"30":0,"31":0,"32":0,"33":0},"f":{"0":0,"1":0,"2":0,"3":0,"4":0},"b":{}}
,"/usr/src/app/src/tests/hooks/review/useAddReview.tes.js": {"path":"/usr/src/app/src/tests/hooks/review/useAddReview.tes.js","statementMap":{"0":{"start":{"line":8,"column":31},"end":{"line":8,"column":63}},"1":{"start":{"line":10,"column":2},"end":{"line":15,"column":4}},"2":{"start":{"line":12,"column":29},"end":{"line":12,"column":57}},"3":{"start":{"line":18,"column":0},"end":{"line":20,"column":4}},"4":{"start":{"line":18,"column":53},"end":{"line":20,"column":1}},"5":{"start":{"line":22,"column":0},"end":{"line":45,"column":3}},"6":{"start":{"line":24,"column":2},"end":{"line":26,"column":5}},"7":{"start":{"line":25,"column":4},"end":{"line":25,"column":51}},"8":{"start":{"line":28,"column":2},"end":{"line":44,"column":5}},"9":{"start":{"line":29,"column":4},"end":{"line":29,"column":72}},"10":{"start":{"line":31,"column":38},"end":{"line":37,"column":5}},"11":{"start":{"line":39,"column":4},"end":{"line":39,"column":45}},"12":{"start":{"line":41,"column":4},"end":{"line":41,"column":39}},"13":{"start":{"line":41,"column":20},"end":{"line":41,"column":37}},"14":{"start":{"line":43,"column":4},"end":{"line":43,"column":63}}},"fnMap":{"0":{"name":"TestComponent","decl":{"start":{"line":7,"column":9},"end":{"line":7,"column":22}},"loc":{"start":{"line":7,"column":47},"end":{"line":16,"column":1}},"line":7},"1":{"name":"(anonymous_1)","decl":{"start":{"line":12,"column":23},"end":{"line":12,"column":24}},"loc":{"start":{"line":12,"column":29},"end":{"line":12,"column":57}},"line":12},"2":{"name":"(anonymous_2)","decl":{"start":{"line":18,"column":46},"end":{"line":18,"column":47}},"loc":{"start":{"line":18,"column":53},"end":{"line":20,"column":1}},"line":18},"3":{"name":"(anonymous_3)","decl":{"start":{"line":22,"column":30},"end":{"line":22,"column":31}},"loc":{"start":{"line":22,"column":36},"end":{"line":45,"column":1}},"line":22},"4":{"name":"(anonymous_4)","decl":{"start":{"line":24,"column":13},"end":{"line":24,"column":14}},"loc":{"start":{"line":24,"column":19},"end":{"line":26,"column":3}},"line":24},"5":{"name":"(anonymous_5)","decl":{"start":{"line":28,"column":52},"end":{"line":28,"column":53}},"loc":{"start":{"line":28,"column":64},"end":{"line":44,"column":3}},"line":28},"6":{"name":"(anonymous_6)","decl":{"start":{"line":41,"column":14},"end":{"line":41,"column":15}},"loc":{"start":{"line":41,"column":20},"end":{"line":41,"column":37}},"line":41}},"branchMap":{"0":{"loc":{"start":{"line":13,"column":7},"end":{"line":13,"column":30}},"type":"binary-expr","locations":[{"start":{"line":13,"column":7},"end":{"line":13,"column":12}},{"start":{"line":13,"column":16},"end":{"line":13,"column":30}}],"line":13}},"s":{"0":0,"1":0,"2":0,"3":0,"4":0,"5":0,"6":0,"7":0,"8":0,"9":0,"10":0,"11":0,"12":0,"13":0,"14":0},"f":{"0":0,"1":0,"2":0,"3":0,"4":0,"5":0,"6":0},"b":{"0":[0,0]}}
,"/usr/src/app/src/utils/formatTime.js": {"path":"/usr/src/app/src/utils/formatTime.js","statementMap":{"0":{"start":{"line":3,"column":4},"end":{"line":14,"column":5}},"1":{"start":{"line":4,"column":22},"end":{"line":4,"column":36}},"2":{"start":{"line":7,"column":31},"end":{"line":7,"column":49}},"3":{"start":{"line":8,"column":23},"end":{"line":8,"column":42}},"4":{"start":{"line":9,"column":19},"end":{"line":9,"column":47}},"5":{"start":{"line":10,"column":29},"end":{"line":10,"column":48}},"6":{"start":{"line":11,"column":6},"end":{"line":11,"column":52}},"7":{"start":{"line":13,"column":6},"end":{"line":13,"column":22}}},"fnMap":{"0":{"name":"formatTime","decl":{"start":{"line":1,"column":16},"end":{"line":1,"column":26}},"loc":{"start":{"line":1,"column":36},"end":{"line":15,"column":3}},"line":1}},"branchMap":{"0":{"loc":{"start":{"line":3,"column":4},"end":{"line":14,"column":5}},"type":"if","locations":[{"start":{"line":3,"column":4},"end":{"line":14,"column":5}},{"start":{"line":12,"column":11},"end":{"line":14,"column":5}}],"line":3},"1":{"loc":{"start":{"line":3,"column":8},"end":{"line":3,"column":52}},"type":"binary-expr","locations":[{"start":{"line":3,"column":8},"end":{"line":3,"column":35}},{"start":{"line":3,"column":39},"end":{"line":3,"column":52}}],"line":3},"2":{"loc":{"start":{"line":9,"column":19},"end":{"line":9,"column":47}},"type":"cond-expr","locations":[{"start":{"line":9,"column":36},"end":{"line":9,"column":40}},{"start":{"line":9,"column":43},"end":{"line":9,"column":47}}],"line":9},"3":{"loc":{"start":{"line":10,"column":29},"end":{"line":10,"column":48}},"type":"binary-expr","locations":[{"start":{"line":10,"column":29},"end":{"line":10,"column":42}},{"start":{"line":10,"column":46},"end":{"line":10,"column":48}}],"line":10}},"s":{"0":28,"1":22,"2":22,"3":22,"4":22,"5":22,"6":22,"7":6},"f":{"0":28},"b":{"0":[22,6],"1":[28,22],"2":[7,15],"3":[22,0]},"_coverageSchema":"1a1c01bbd47fc00a2c39e90264f33305004495a9","hash":"d5dbf204e2ed45b1c3a9ac473872532285f73e29"}
}
