TN:
SF:src/App.js
FN:11,App
FN:16,(anonymous_1)
FNF:2
FNH:0
FNDA:0,App
FNDA:0,(anonymous_1)
DA:12,0
DA:14,0
DA:16,0
DA:17,0
DA:18,0
DA:21,0
LF:6
LH:0
BRDA:27,0,0,0
BRDA:27,0,1,0
BRDA:37,1,0,0
BRDA:37,1,1,0
BRF:4
BRH:0
end_of_record
TN:
SF:src/index.js
FNF:0
FNH:0
DA:21,0
DA:99,0
DA:100,0
LF:3
LH:0
BRF:0
BRH:0
end_of_record
TN:
SF:src/reportWebVitals.js
FN:1,(anonymous_0)
FN:3,(anonymous_1)
FNF:2
FNH:0
FNDA:0,(anonymous_0)
FNDA:0,(anonymous_1)
DA:1,0
DA:2,0
DA:3,0
DA:4,0
DA:5,0
DA:6,0
DA:7,0
DA:8,0
LF:8
LH:0
BRDA:2,0,0,0
BRDA:2,0,1,0
BRDA:2,1,0,0
BRDA:2,1,1,0
BRF:4
BRH:0
end_of_record
TN:
SF:src/components/auth/Login.js
FN:20,(anonymous_0)
FN:37,(anonymous_1)
FN:45,(anonymous_2)
FN:49,(anonymous_3)
FN:53,(anonymous_4)
FNF:5
FNH:3
FNDA:2,(anonymous_0)
FNDA:2,(anonymous_1)
FNDA:0,(anonymous_2)
FNDA:0,(anonymous_3)
FNDA:1,(anonymous_4)
DA:12,1
DA:20,1
DA:21,2
DA:22,2
DA:23,2
DA:33,2
DA:36,2
DA:37,2
DA:38,2
DA:39,0
DA:40,0
DA:41,0
DA:45,2
DA:46,0
DA:49,2
DA:50,0
DA:53,2
DA:54,1
DA:55,1
DA:60,1
DA:61,1
DA:62,0
DA:64,1
DA:65,1
DA:66,1
DA:67,1
DA:68,1
DA:72,2
LF:28
LH:22
BRDA:38,0,0,0
BRDA:38,0,1,2
BRDA:38,1,0,2
BRDA:38,1,1,0
BRDA:40,2,0,0
BRDA:40,2,1,0
BRDA:41,3,0,0
BRDA:41,3,1,0
BRDA:61,4,0,0
BRDA:61,4,1,1
BRDA:101,5,0,2
BRDA:101,5,1,0
BRDA:102,6,0,2
BRDA:102,6,1,0
BRF:14
BRH:5
end_of_record
TN:
SF:src/components/auth/PrivateRoute.js
FN:5,(anonymous_0)
FN:9,(anonymous_1)
FNF:2
FNH:0
FNDA:0,(anonymous_0)
FNDA:0,(anonymous_1)
DA:5,0
DA:6,0
DA:7,0
DA:9,0
DA:10,0
DA:11,0
DA:15,0
DA:16,0
DA:19,0
LF:9
LH:0
BRDA:10,0,0,0
BRDA:10,0,1,0
BRDA:15,1,0,0
BRDA:15,1,1,0
BRF:4
BRH:0
end_of_record
TN:
SF:src/components/auth/Register.js
FN:10,(anonymous_0)
FN:20,(anonymous_1)
FN:31,(anonymous_2)
FN:36,(anonymous_3)
FNF:4
FNH:4
FNDA:13,(anonymous_0)
FNDA:6,(anonymous_1)
FNDA:1,(anonymous_2)
FNDA:3,(anonymous_3)
DA:10,1
DA:11,13
DA:12,13
DA:13,13
DA:14,13
DA:16,13
DA:18,13
DA:20,13
DA:21,6
DA:22,6
DA:23,2
DA:24,4
DA:25,2
DA:26,2
DA:27,2
DA:31,13
DA:32,1
DA:33,1
DA:36,13
DA:37,3
DA:39,3
DA:40,1
DA:41,1
DA:44,2
DA:45,1
DA:46,1
DA:49,1
DA:50,1
DA:55,1
DA:58,0
DA:63,0
DA:65,0
DA:66,0
DA:67,0
DA:70,0
DA:71,0
DA:72,0
DA:74,0
DA:79,13
LF:39
LH:30
BRDA:22,0,0,2
BRDA:22,0,1,4
BRDA:24,1,0,2
BRDA:24,1,1,2
BRDA:26,2,0,2
BRDA:26,2,1,0
BRDA:39,3,0,1
BRDA:39,3,1,2
BRDA:39,4,0,3
BRDA:39,4,1,2
BRDA:39,4,2,2
BRDA:44,5,0,1
BRDA:44,5,1,1
BRDA:49,6,0,1
BRDA:49,6,1,0
BRDA:65,7,0,0
BRDA:65,7,1,0
BRDA:120,8,0,13
BRDA:120,8,1,3
BRF:19
BRH:15
end_of_record
TN:
SF:src/components/building/AddBuilding.js
FN:12,(anonymous_0)
FN:16,(anonymous_1)
FNF:2
FNH:2
FNDA:2,(anonymous_0)
FNDA:2,(anonymous_1)
DA:12,1
DA:13,2
DA:15,2
DA:16,2
DA:17,2
DA:18,2
DA:22,2
LF:7
LH:7
BRDA:17,0,0,2
BRDA:17,0,1,0
BRDA:28,1,0,2
BRDA:28,1,1,0
BRF:4
BRH:2
end_of_record
TN:
SF:src/components/building/BuildingDetails.js
FN:10,(anonymous_0)
FN:57,(anonymous_1)
FNF:2
FNH:0
FNDA:0,(anonymous_0)
FNDA:0,(anonymous_1)
DA:10,1
DA:11,0
DA:13,0
DA:57,0
LF:4
LH:1
BRDA:16,0,0,0
BRDA:16,0,1,0
BRDA:32,1,0,0
BRDA:32,1,1,0
BRDA:34,2,0,0
BRDA:34,2,1,0
BRDA:44,3,0,0
BRDA:44,3,1,0
BRDA:45,4,0,0
BRDA:45,4,1,0
BRDA:46,5,0,0
BRDA:46,5,1,0
BRDA:50,6,0,0
BRDA:50,6,1,0
BRF:14
BRH:0
end_of_record
TN:
SF:src/components/building/BuildingRow.js
FN:9,(anonymous_0)
FN:46,(anonymous_1)
FN:47,(anonymous_2)
FN:53,(anonymous_3)
FNF:4
FNH:2
FNDA:12,(anonymous_0)
FNDA:1,(anonymous_1)
FNDA:0,(anonymous_2)
FNDA:0,(anonymous_3)
DA:9,1
DA:10,12
DA:46,1
DA:47,0
DA:53,0
LF:5
LH:3
BRDA:23,0,0,5
BRDA:23,0,1,7
BRDA:45,1,0,12
BRDA:45,1,1,12
BRDA:47,2,0,0
BRDA:47,2,1,12
BRDA:47,3,0,12
BRDA:47,3,1,12
BRDA:53,4,0,0
BRDA:53,4,1,0
BRDA:54,5,0,0
BRDA:54,5,1,12
BRDA:59,6,0,12
BRDA:59,6,1,0
BRF:14
BRH:9
end_of_record
TN:
SF:src/components/building/EditBuilding.js
FN:9,(anonymous_0)
FN:23,(anonymous_1)
FN:34,(anonymous_2)
FN:38,(anonymous_3)
FN:42,(anonymous_4)
FN:46,(anonymous_5)
FN:63,(anonymous_6)
FNF:7
FNH:7
FNDA:10,(anonymous_0)
FNDA:2,(anonymous_1)
FNDA:1,(anonymous_2)
FNDA:1,(anonymous_3)
FNDA:1,(anonymous_4)
FNDA:3,(anonymous_5)
FNDA:1,(anonymous_6)
DA:9,1
DA:10,10
DA:11,10
DA:12,10
DA:13,10
DA:14,10
DA:15,10
DA:16,10
DA:17,10
DA:18,10
DA:19,10
DA:21,10
DA:23,10
DA:24,2
DA:25,2
DA:26,2
DA:27,2
DA:28,2
DA:29,2
DA:30,2
DA:34,10
DA:35,1
DA:38,10
DA:39,1
DA:42,10
DA:43,1
DA:46,10
DA:47,3
DA:48,3
DA:50,1
DA:51,1
DA:53,1
DA:54,1
DA:56,1
DA:57,1
DA:59,0
DA:63,10
DA:64,1
DA:66,1
DA:75,1
DA:76,1
DA:77,1
DA:79,0
DA:83,10
LF:44
LH:42
BRDA:24,0,0,2
BRDA:24,0,1,0
BRDA:48,1,0,1
BRDA:48,1,1,1
BRDA:48,1,2,1
BRDA:48,1,3,0
BRDA:87,2,0,10
BRDA:87,2,1,0
BRF:8
BRH:5
end_of_record
TN:
SF:src/components/common/ErrorPage.js
FN:3,ErrorPage
FNF:1
FNH:0
FNDA:0,ErrorPage
DA:4,0
DA:6,0
LF:2
LH:0
BRDA:13,0,0,0
BRDA:13,0,1,0
BRF:2
BRH:0
end_of_record
TN:
SF:src/components/common/Home.js
FN:14,(anonymous_0)
FN:28,(anonymous_1)
FN:32,(anonymous_2)
FN:35,(anonymous_3)
FN:41,(anonymous_4)
FN:44,(anonymous_5)
FN:56,(anonymous_6)
FN:68,(anonymous_7)
FN:84,(anonymous_8)
FN:94,(anonymous_9)
FNF:10
FNH:7
FNDA:12,(anonymous_0)
FNDA:5,(anonymous_1)
FNDA:0,(anonymous_2)
FNDA:0,(anonymous_3)
FNDA:14,(anonymous_4)
FNDA:13,(anonymous_5)
FNDA:1,(anonymous_6)
FNDA:1,(anonymous_7)
FNDA:12,(anonymous_8)
FNDA:0,(anonymous_9)
DA:14,1
DA:15,12
DA:16,12
DA:18,12
DA:19,12
DA:20,12
DA:21,12
DA:23,12
DA:24,12
DA:25,12
DA:26,12
DA:28,12
DA:29,5
DA:32,12
DA:33,0
DA:34,0
DA:35,0
DA:39,12
DA:42,14
DA:45,13
DA:50,12
DA:56,1
DA:68,1
DA:85,12
DA:94,0
LF:25
LH:21
BRDA:34,0,0,0
BRDA:34,0,1,0
BRDA:39,1,0,12
BRDA:39,1,1,0
BRDA:45,2,0,13
BRDA:45,2,1,2
BRDA:83,3,0,7
BRDA:83,3,1,5
BRDA:83,4,0,12
BRDA:83,4,1,12
BRF:10
BRH:7
end_of_record
TN:
SF:src/components/favorite/MyFavoriteBuildings.js
FN:13,(anonymous_0)
FN:25,(anonymous_1)
FN:37,(anonymous_2)
FNF:3
FNH:3
FNDA:3,(anonymous_0)
FNDA:4,(anonymous_1)
FNDA:2,(anonymous_2)
DA:13,1
DA:14,3
DA:15,3
DA:17,3
DA:26,4
DA:37,2
LF:6
LH:6
BRDA:24,0,0,2
BRDA:24,0,1,1
BRDA:24,1,0,3
BRDA:24,1,1,3
BRF:4
BRH:4
end_of_record
TN:
SF:src/components/form/Checkbox.js
FN:1,(anonymous_0)
FNF:1
FNH:1
FNDA:30,(anonymous_0)
DA:1,1
DA:2,30
LF:2
LH:2
BRF:0
BRH:0
end_of_record
TN:
SF:src/components/form/Input.js
FN:3,(anonymous_0)
FNF:1
FNH:1
FNDA:30,(anonymous_0)
DA:3,1
DA:4,30
LF:2
LH:2
BRF:0
BRH:0
end_of_record
TN:
SF:src/components/form/Select.js
FN:1,(anonymous_0)
FN:16,(anonymous_1)
FNF:2
FNH:0
FNDA:0,(anonymous_0)
FNDA:0,(anonymous_1)
DA:1,0
DA:2,0
DA:17,0
LF:3
LH:0
BRF:0
BRH:0
end_of_record
TN:
SF:src/components/form/StarRating.js
FN:3,(anonymous_0)
FN:4,(anonymous_1)
FN:8,(anonymous_2)
FN:12,(anonymous_3)
FNF:4
FNH:4
FNDA:7,(anonymous_0)
FNDA:35,(anonymous_1)
FNDA:35,(anonymous_2)
FNDA:1,(anonymous_3)
DA:3,1
DA:4,35
DA:6,7
DA:9,35
DA:12,1
LF:5
LH:5
BRDA:11,0,0,8
BRDA:11,0,1,27
BRF:2
BRH:2
end_of_record
TN:
SF:src/components/form/TimeSelect.js
FN:1,(anonymous_0)
FN:15,(anonymous_1)
FNF:2
FNH:0
FNDA:0,(anonymous_0)
FNDA:0,(anonymous_1)
DA:1,0
DA:2,0
DA:16,0
LF:3
LH:0
BRF:0
BRH:0
end_of_record
TN:
SF:src/components/hours/AddHours.js
FN:16,(anonymous_0)
FN:31,(anonymous_1)
FN:36,(anonymous_2)
FN:47,(anonymous_3)
FN:55,(anonymous_4)
FN:77,(anonymous_5)
FN:78,(anonymous_6)
FN:88,(anonymous_7)
FN:129,(anonymous_8)
FN:134,(anonymous_9)
FNF:10
FNH:0
FNDA:0,(anonymous_0)
FNDA:0,(anonymous_1)
FNDA:0,(anonymous_2)
FNDA:0,(anonymous_3)
FNDA:0,(anonymous_4)
FNDA:0,(anonymous_5)
FNDA:0,(anonymous_6)
FNDA:0,(anonymous_7)
FNDA:0,(anonymous_8)
FNDA:0,(anonymous_9)
DA:16,0
DA:17,0
DA:18,0
DA:20,0
DA:31,0
DA:32,0
DA:33,0
DA:36,0
DA:37,0
DA:38,0
DA:39,0
DA:40,0
DA:45,0
DA:47,0
DA:51,0
DA:55,0
DA:56,0
DA:59,0
DA:60,0
DA:61,0
DA:62,0
DA:67,0
DA:68,0
DA:69,0
DA:71,0
DA:72,0
DA:73,0
DA:76,0
DA:77,0
DA:78,0
DA:79,0
DA:81,0
DA:88,0
DA:91,0
DA:93,0
DA:94,0
DA:103,0
DA:105,0
DA:106,0
DA:111,0
DA:130,0
DA:135,0
LF:42
LH:0
BRDA:38,0,0,0
BRDA:38,0,1,0
BRDA:39,1,0,0
BRDA:39,1,1,0
BRDA:60,2,0,0
BRDA:60,2,1,0
BRDA:60,3,0,0
BRDA:60,3,1,0
BRDA:60,3,2,0
BRDA:67,4,0,0
BRDA:67,4,1,0
BRDA:71,5,0,0
BRDA:71,5,1,0
BRDA:79,6,0,0
BRDA:79,6,1,0
BRDA:117,7,0,0
BRDA:117,7,1,0
BRDA:117,8,0,0
BRDA:117,8,1,0
BRDA:225,9,0,0
BRDA:225,9,1,0
BRF:21
BRH:0
end_of_record
TN:
SF:src/components/hours/Hours.js
FN:18,(anonymous_0)
FN:27,(anonymous_1)
FN:49,(anonymous_2)
FN:65,(anonymous_3)
FN:69,(anonymous_4)
FNF:5
FNH:5
FNDA:8,(anonymous_0)
FNDA:4,(anonymous_1)
FNDA:6,(anonymous_2)
FNDA:9,(anonymous_3)
FNDA:1,(anonymous_4)
DA:18,1
DA:19,8
DA:20,8
DA:21,8
DA:22,8
DA:23,8
DA:25,8
DA:27,8
DA:28,4
DA:31,8
DA:51,6
DA:52,6
DA:55,6
DA:56,6
DA:59,6
DA:60,6
DA:62,6
DA:65,9
DA:69,1
LF:19
LH:19
BRDA:37,0,0,3
BRDA:37,0,1,5
BRDA:37,1,0,8
BRDA:37,1,1,8
BRDA:45,2,0,3
BRDA:45,2,1,3
BRDA:67,3,0,6
BRDA:67,3,1,6
BRF:8
BRH:8
end_of_record
TN:
SF:src/components/review/AddReview.js
FN:13,(anonymous_0)
FN:23,(anonymous_1)
FN:27,(anonymous_2)
FN:31,(anonymous_3)
FNF:4
FNH:4
FNDA:7,(anonymous_0)
FNDA:1,(anonymous_1)
FNDA:2,(anonymous_2)
FNDA:2,(anonymous_3)
DA:13,1
DA:14,7
DA:15,7
DA:16,7
DA:17,7
DA:18,7
DA:19,7
DA:20,7
DA:21,7
DA:23,7
DA:24,1
DA:27,7
DA:28,2
DA:31,7
DA:32,2
DA:34,2
DA:35,1
DA:36,1
DA:39,1
DA:42,7
LF:20
LH:20
BRDA:34,0,0,1
BRDA:34,0,1,1
BRDA:65,1,0,7
BRDA:65,1,1,0
BRDA:66,2,0,7
BRDA:66,2,1,1
BRF:6
BRH:5
end_of_record
TN:
SF:src/components/review/MyReviews.js
FN:16,(anonymous_0)
FN:22,(anonymous_1)
FN:26,(anonymous_2)
FN:28,(anonymous_3)
FN:39,(anonymous_4)
FN:46,(anonymous_5)
FN:66,(anonymous_6)
FNF:7
FNH:7
FNDA:8,(anonymous_0)
FNDA:3,(anonymous_1)
FNDA:2,(anonymous_2)
FNDA:3,(anonymous_3)
FNDA:5,(anonymous_4)
FNDA:25,(anonymous_5)
FNDA:2,(anonymous_6)
DA:16,1
DA:17,8
DA:18,8
DA:19,8
DA:20,8
DA:22,8
DA:23,3
DA:26,8
DA:27,2
DA:28,3
DA:31,8
DA:40,5
DA:47,25
DA:48,25
DA:66,2
LF:15
LH:15
BRDA:38,0,0,3
BRDA:38,0,1,5
BRDA:38,1,0,8
BRDA:38,1,1,8
BRDA:52,2,0,22
BRDA:52,2,1,3
BRF:6
BRH:6
end_of_record
TN:
SF:src/components/review/Reviews.js
FN:13,(anonymous_0)
FN:30,(anonymous_1)
FN:41,(anonymous_2)
FNF:3
FNH:3
FNDA:2,(anonymous_0)
FNDA:4,(anonymous_1)
FNDA:20,(anonymous_2)
DA:13,1
DA:14,2
DA:15,2
DA:16,2
DA:18,2
DA:31,4
DA:42,20
DA:43,20
LF:8
LH:8
BRDA:25,0,0,0
BRDA:25,0,1,2
BRDA:47,1,0,18
BRDA:47,1,1,2
BRF:4
BRH:3
end_of_record
TN:
SF:src/constants/styles.js
FNF:0
FNH:0
DA:1,1
DA:7,1
DA:14,1
LF:3
LH:3
BRF:0
BRH:0
end_of_record
TN:
SF:src/constants/timeAndDate.js
FN:11,(anonymous_0)
FNF:1
FNH:0
FNDA:0,(anonymous_0)
DA:1,1
DA:11,1
DA:12,0
DA:13,0
DA:14,0
DA:15,0
DA:16,0
DA:17,0
DA:20,0
LF:9
LH:2
BRDA:15,0,0,0
BRDA:15,0,1,0
BRDA:16,1,0,0
BRDA:16,1,1,0
BRF:4
BRH:0
end_of_record
TN:
SF:src/contexts/UserContext.js
FN:5,(anonymous_0)
FN:6,(anonymous_1)
FN:16,(anonymous_2)
FNF:3
FNH:0
FNDA:0,(anonymous_0)
FNDA:0,(anonymous_1)
FNDA:0,(anonymous_2)
DA:3,5
DA:5,5
DA:6,0
DA:7,0
DA:9,0
DA:16,5
DA:17,0
LF:7
LH:3
BRF:0
BRH:0
end_of_record
TN:
SF:src/hooks/auth/useAuth.js
FN:4,(anonymous_0)
FN:10,(anonymous_1)
FN:19,(anonymous_2)
FNF:3
FNH:0
FNDA:0,(anonymous_0)
FNDA:0,(anonymous_1)
FNDA:0,(anonymous_2)
DA:4,0
DA:5,0
DA:6,0
DA:7,0
DA:8,0
DA:10,0
DA:11,0
DA:13,0
DA:14,0
DA:16,0
DA:19,0
DA:20,0
DA:21,0
DA:22,0
DA:24,0
DA:27,0
LF:16
LH:0
BRDA:13,0,0,0
BRDA:13,0,1,0
BRDA:21,1,0,0
BRDA:21,1,1,0
BRF:4
BRH:0
end_of_record
TN:
SF:src/hooks/buildings/useAddBuilding.js
FN:4,(anonymous_0)
FN:17,(anonymous_1)
FN:22,(anonymous_2)
FN:27,(anonymous_3)
FNF:4
FNH:4
FNDA:6,(anonymous_0)
FNDA:1,(anonymous_1)
FNDA:1,(anonymous_2)
FNDA:2,(anonymous_3)
DA:4,2
DA:5,6
DA:6,6
DA:15,6
DA:17,6
DA:18,1
DA:19,1
DA:22,6
DA:23,1
DA:24,1
DA:27,6
DA:28,2
DA:30,2
DA:31,2
DA:32,1
DA:41,1
DA:43,1
DA:45,1
DA:49,6
LF:19
LH:19
BRF:0
BRH:0
end_of_record
TN:
SF:src/hooks/buildings/useDeleteBuilding.js
FN:4,(anonymous_0)
FN:8,(anonymous_1)
FNF:2
FNH:0
FNDA:0,(anonymous_0)
FNDA:0,(anonymous_1)
DA:4,1
DA:5,0
DA:6,0
DA:8,0
DA:9,0
DA:10,0
DA:13,0
DA:14,0
DA:15,0
DA:16,0
DA:17,0
DA:18,0
DA:20,0
DA:21,0
DA:25,0
LF:15
LH:1
BRDA:9,0,0,0
BRDA:9,0,1,0
BRF:2
BRH:0
end_of_record
TN:
SF:src/hooks/buildings/useFetchBuildings.js
FN:4,(anonymous_0)
FN:7,(anonymous_1)
FN:9,(anonymous_2)
FN:15,(anonymous_3)
FN:18,(anonymous_4)
FN:26,(anonymous_5)
FN:29,(anonymous_6)
FN:31,(anonymous_7)
FNF:8
FNH:0
FNDA:0,(anonymous_0)
FNDA:0,(anonymous_1)
FNDA:0,(anonymous_2)
FNDA:0,(anonymous_3)
FNDA:0,(anonymous_4)
FNDA:0,(anonymous_5)
FNDA:0,(anonymous_6)
FNDA:0,(anonymous_7)
DA:4,5
DA:5,0
DA:7,0
DA:8,0
DA:9,0
DA:12,0
DA:15,5
DA:16,0
DA:18,0
DA:19,0
DA:23,0
DA:26,5
DA:27,0
DA:29,0
DA:30,0
DA:31,0
DA:35,0
LF:17
LH:3
BRF:0
BRH:0
end_of_record
TN:
SF:src/hooks/buildings/useUpdateBuilding.js
FN:4,(anonymous_0)
FN:7,(anonymous_1)
FNF:2
FNH:0
FNDA:0,(anonymous_0)
FNDA:0,(anonymous_1)
DA:4,1
DA:5,0
DA:7,0
DA:8,0
DA:9,0
DA:10,0
DA:12,0
DA:13,0
DA:17,0
LF:9
LH:1
BRF:0
BRH:0
end_of_record
TN:
SF:src/hooks/coordinates/useFetchCoordinates.js
FN:4,(anonymous_0)
FN:7,(anonymous_1)
FN:8,(anonymous_2)
FNF:3
FNH:0
FNDA:0,(anonymous_0)
FNDA:0,(anonymous_1)
FNDA:0,(anonymous_2)
DA:4,0
DA:5,0
DA:7,0
DA:8,0
DA:9,0
DA:10,0
DA:11,0
DA:12,0
DA:13,0
DA:16,0
DA:19,0
DA:22,0
LF:12
LH:0
BRDA:12,0,0,0
BRDA:12,0,1,0
BRF:2
BRH:0
end_of_record
TN:
SF:src/hooks/favorites/useFavoriteBuilding.js
FN:5,(anonymous_0)
FN:10,(anonymous_1)
FN:15,(anonymous_2)
FN:17,(anonymous_3)
FN:26,(anonymous_4)
FNF:5
FNH:0
FNDA:0,(anonymous_0)
FNDA:0,(anonymous_1)
FNDA:0,(anonymous_2)
FNDA:0,(anonymous_3)
FNDA:0,(anonymous_4)
DA:5,2
DA:7,0
DA:8,0
DA:10,0
DA:11,0
DA:15,0
DA:16,0
DA:17,0
DA:18,0
DA:20,0
DA:22,0
DA:23,0
DA:25,0
DA:26,0
DA:28,0
DA:34,0
LF:16
LH:1
BRDA:16,0,0,0
BRDA:16,0,1,0
BRDA:17,1,0,0
BRDA:17,1,1,0
BRDA:18,2,0,0
BRDA:18,2,1,0
BRDA:22,3,0,0
BRDA:22,3,1,0
BRDA:25,4,0,0
BRDA:25,4,1,0
BRF:10
BRH:0
end_of_record
TN:
SF:src/hooks/favorites/useFetchFavorites.js
FN:4,(anonymous_0)
FN:7,(anonymous_1)
FN:10,(anonymous_2)
FN:13,(anonymous_3)
FNF:4
FNH:0
FNDA:0,(anonymous_0)
FNDA:0,(anonymous_1)
FNDA:0,(anonymous_2)
FNDA:0,(anonymous_3)
DA:4,2
DA:5,0
DA:7,0
DA:8,0
DA:9,0
DA:11,0
DA:14,0
DA:19,0
LF:8
LH:1
BRDA:8,0,0,0
BRDA:8,0,1,0
BRF:2
BRH:0
end_of_record
TN:
SF:src/hooks/hours/useDeleteHour.js
FN:4,(anonymous_0)
FN:7,(anonymous_1)
FN:10,(anonymous_2)
FNF:3
FNH:0
FNDA:0,(anonymous_0)
FNDA:0,(anonymous_1)
FNDA:0,(anonymous_2)
DA:4,1
DA:5,0
DA:7,0
DA:8,0
DA:9,0
DA:10,0
DA:12,0
DA:13,0
DA:17,0
LF:9
LH:1
BRDA:13,0,0,0
BRDA:13,0,1,0
BRF:2
BRH:0
end_of_record
TN:
SF:src/hooks/hours/useFetchHours.js
FN:4,(anonymous_0)
FN:8,(anonymous_1)
FN:10,(anonymous_2)
FNF:3
FNH:0
FNDA:0,(anonymous_0)
FNDA:0,(anonymous_1)
FNDA:0,(anonymous_2)
DA:4,1
DA:5,0
DA:6,0
DA:8,0
DA:9,0
DA:10,0
DA:14,0
LF:7
LH:1
BRF:0
BRH:0
end_of_record
TN:
SF:src/hooks/reviews/useAddReview.js
FN:5,(anonymous_0)
FN:9,(anonymous_1)
FNF:2
FNH:0
FNDA:0,(anonymous_0)
FNDA:0,(anonymous_1)
DA:5,1
DA:6,0
DA:7,0
DA:9,0
DA:10,0
DA:11,0
DA:12,0
DA:14,0
DA:18,0
LF:9
LH:1
BRF:0
BRH:0
end_of_record
TN:
SF:src/hooks/reviews/useDeleteReview.js
FN:4,(anonymous_0)
FN:7,(anonymous_1)
FNF:2
FNH:0
FNDA:0,(anonymous_0)
FNDA:0,(anonymous_1)
DA:4,1
DA:5,0
DA:7,0
DA:8,0
DA:9,0
DA:11,0
DA:12,0
DA:16,0
LF:8
LH:1
BRF:0
BRH:0
end_of_record
TN:
SF:src/hooks/reviews/useFetchReviews.js
FN:4,(anonymous_0)
FN:7,(anonymous_1)
FN:8,(anonymous_2)
FN:23,(anonymous_3)
FN:26,(anonymous_4)
FN:27,(anonymous_5)
FNF:6
FNH:0
FNDA:0,(anonymous_0)
FNDA:0,(anonymous_1)
FNDA:0,(anonymous_2)
FNDA:0,(anonymous_3)
FNDA:0,(anonymous_4)
FNDA:0,(anonymous_5)
DA:4,2
DA:5,0
DA:7,0
DA:8,0
DA:9,0
DA:10,0
DA:11,0
DA:13,0
DA:17,0
DA:20,0
DA:23,2
DA:24,0
DA:26,0
DA:27,0
DA:28,0
DA:29,0
DA:30,0
DA:32,0
DA:36,0
DA:39,0
LF:20
LH:2
BRF:0
BRH:0
end_of_record
TN:
SF:src/services/authService.js
FN:2,(anonymous_0)
FN:31,(anonymous_1)
FNF:2
FNH:0
FNDA:0,(anonymous_0)
FNDA:0,(anonymous_1)
DA:1,0
DA:3,0
DA:11,0
DA:12,0
DA:13,0
DA:15,0
DA:16,0
DA:17,0
DA:20,0
DA:21,0
DA:23,0
DA:24,0
DA:27,0
DA:32,0
DA:40,0
DA:41,0
DA:42,0
DA:44,0
DA:45,0
DA:46,0
DA:47,0
DA:49,0
DA:52,0
DA:53,0
DA:55,0
DA:56,0
LF:26
LH:0
BRDA:15,0,0,0
BRDA:15,0,1,0
BRDA:20,1,0,0
BRDA:20,1,1,0
BRDA:44,2,0,0
BRDA:44,2,1,0
BRDA:46,3,0,0
BRDA:46,3,1,0
BRF:8
BRH:0
end_of_record
TN:
SF:src/services/buildingsService.js
FN:2,(anonymous_0)
FN:12,(anonymous_1)
FN:22,(anonymous_2)
FN:32,(anonymous_3)
FN:57,(anonymous_4)
FN:82,(anonymous_5)
FNF:6
FNH:1
FNDA:1,(anonymous_0)
FNDA:0,(anonymous_1)
FNDA:0,(anonymous_2)
FNDA:0,(anonymous_3)
FNDA:0,(anonymous_4)
FNDA:0,(anonymous_5)
DA:1,9
DA:3,1
DA:4,1
DA:5,1
DA:7,0
DA:8,0
DA:13,0
DA:14,0
DA:15,0
DA:16,0
DA:18,0
DA:23,0
DA:24,0
DA:25,0
DA:27,0
DA:28,0
DA:33,0
DA:41,0
DA:42,0
DA:43,0
DA:45,0
DA:46,0
DA:49,0
DA:52,0
DA:53,0
DA:58,0
DA:66,0
DA:67,0
DA:68,0
DA:70,0
DA:71,0
DA:74,0
DA:77,0
DA:78,0
DA:83,0
DA:90,0
DA:91,0
DA:92,0
DA:93,0
DA:95,0
DA:97,0
LF:41
LH:4
BRDA:15,0,0,0
BRDA:15,0,1,0
BRDA:45,1,0,0
BRDA:45,1,1,0
BRDA:70,2,0,0
BRDA:70,2,1,0
BRDA:92,3,0,0
BRDA:92,3,1,0
BRF:8
BRH:0
end_of_record
TN:
SF:src/services/coordinatesService.js
FN:2,(anonymous_0)
FNF:1
FNH:0
FNDA:0,(anonymous_0)
DA:1,0
DA:3,0
DA:4,0
DA:5,0
DA:6,0
DA:7,0
DA:8,0
DA:11,0
DA:13,0
LF:9
LH:0
BRDA:6,0,0,0
BRDA:6,0,1,0
BRDA:6,1,0,0
BRDA:6,1,1,0
BRF:4
BRH:0
end_of_record
TN:
SF:src/services/favoritesService.js
FN:2,(anonymous_0)
FN:13,(anonymous_1)
FNF:2
FNH:0
FNDA:0,(anonymous_0)
FNDA:0,(anonymous_1)
DA:1,2
DA:3,0
DA:4,0
DA:5,0
DA:6,0
DA:8,0
DA:9,0
DA:14,0
DA:25,0
DA:26,0
DA:27,0
DA:28,0
DA:30,0
LF:13
LH:1
BRDA:6,0,0,0
BRDA:6,0,1,0
BRF:2
BRH:0
end_of_record
TN:
SF:src/services/hoursService.js
FN:2,(anonymous_0)
FN:12,(anonymous_1)
FN:36,(anonymous_2)
FNF:3
FNH:0
FNDA:0,(anonymous_0)
FNDA:0,(anonymous_1)
FNDA:0,(anonymous_2)
DA:1,2
DA:3,0
DA:4,0
DA:5,0
DA:6,0
DA:8,0
DA:13,0
DA:21,0
DA:22,0
DA:23,0
DA:25,0
DA:26,0
DA:29,0
DA:31,0
DA:32,0
DA:37,0
DA:44,0
DA:46,0
DA:47,0
LF:19
LH:1
BRDA:5,0,0,0
BRDA:5,0,1,0
BRDA:25,1,0,0
BRDA:25,1,1,0
BRDA:46,2,0,0
BRDA:46,2,1,0
BRF:6
BRH:0
end_of_record
TN:
SF:src/services/reviewsService.js
FN:2,(anonymous_0)
FN:23,(anonymous_1)
FN:33,(anonymous_2)
FN:42,(anonymous_3)
FNF:4
FNH:0
FNDA:0,(anonymous_0)
FNDA:0,(anonymous_1)
FNDA:0,(anonymous_2)
FNDA:0,(anonymous_3)
DA:1,4
DA:3,0
DA:16,0
DA:17,0
DA:18,0
DA:19,0
DA:24,0
DA:25,0
DA:26,0
DA:27,0
DA:29,0
DA:34,0
DA:35,0
DA:36,0
DA:37,0
DA:39,0
DA:43,0
DA:50,0
DA:51,0
DA:52,0
LF:20
LH:1
BRDA:18,0,0,0
BRDA:18,0,1,0
BRDA:26,1,0,0
BRDA:26,1,1,0
BRDA:36,2,0,0
BRDA:36,2,1,0
BRDA:39,3,0,0
BRDA:39,3,1,0
BRDA:51,4,0,0
BRDA:51,4,1,0
BRF:10
BRH:0
end_of_record
TN:
SF:src/tests/components/hours/AddHours.tes.js
FN:10,(anonymous_0)
FN:11,(anonymous_1)
FN:20,(anonymous_2)
FN:38,(anonymous_3)
FN:41,(anonymous_4)
FNF:5
FNH:0
FNDA:0,(anonymous_0)
FNDA:0,(anonymous_1)
FNDA:0,(anonymous_2)
FNDA:0,(anonymous_3)
FNDA:0,(anonymous_4)
DA:7,0
DA:8,0
DA:10,0
DA:11,0
DA:12,0
DA:17,0
DA:20,0
DA:21,0
DA:23,0
DA:24,0
DA:25,0
DA:26,0
DA:27,0
DA:28,0
DA:29,0
DA:30,0
DA:31,0
DA:32,0
DA:33,0
DA:34,0
DA:35,0
DA:38,0
DA:39,0
DA:41,0
DA:42,0
DA:43,0
DA:44,0
DA:46,0
DA:47,0
DA:48,0
DA:49,0
DA:50,0
DA:51,0
DA:54,0
LF:34
LH:0
BRF:0
BRH:0
end_of_record
TN:
SF:src/tests/hooks/review/useAddReview.tes.js
FN:7,TestComponent
FN:12,(anonymous_1)
FN:18,(anonymous_2)
FN:22,(anonymous_3)
FN:24,(anonymous_4)
FN:28,(anonymous_5)
FN:41,(anonymous_6)
FNF:7
FNH:0
FNDA:0,TestComponent
FNDA:0,(anonymous_1)
FNDA:0,(anonymous_2)
FNDA:0,(anonymous_3)
FNDA:0,(anonymous_4)
FNDA:0,(anonymous_5)
FNDA:0,(anonymous_6)
DA:8,0
DA:10,0
DA:12,0
DA:18,0
DA:22,0
DA:24,0
DA:25,0
DA:28,0
DA:29,0
DA:31,0
DA:39,0
DA:41,0
DA:43,0
LF:13
LH:0
BRDA:13,0,0,0
BRDA:13,0,1,0
BRF:2
BRH:0
end_of_record
TN:
SF:src/utils/formatTime.js
FN:1,formatTime
FNF:1
FNH:1
FNDA:28,formatTime
DA:3,28
DA:4,22
DA:7,22
DA:8,22
DA:9,22
DA:10,22
DA:11,22
DA:13,6
LF:8
LH:8
BRDA:3,0,0,22
BRDA:3,0,1,6
BRDA:3,1,0,28
BRDA:3,1,1,22
BRDA:9,2,0,7
BRDA:9,2,1,15
BRDA:10,3,0,22
BRDA:10,3,1,0
BRF:8
BRH:7
end_of_record
